2024-09-19T11:19:59.181+02:00 DEBUG 18836 --- [cpt] [main] s.w.s.m.m.a.RequestMappingHandlerMapping : 2 mappings in 'requestMappingHandlerMapping'
2024-09-19T11:19:59.340+02:00 DEBUG 18836 --- [cpt] [main] o.s.w.s.handler.SimpleUrlHandlerMapping  : Patterns [/webjars/**, /**] in 'resourceHandlerMapping'
2024-09-19T11:19:59.454+02:00 DEBUG 18836 --- [cpt] [main] s.w.s.m.m.a.RequestMappingHandlerAdapter : ControllerAdvice beans: 0 @ModelAttribute, 0 @InitBinder, 1 RequestBodyAdvice, 1 ResponseBodyAdvice
2024-09-19T11:19:59.518+02:00 DEBUG 18836 --- [cpt] [main] .m.m.a.ExceptionHandlerExceptionResolver : ControllerAdvice beans: 0 @ExceptionHandler, 1 ResponseBodyAdvice
2024-09-19T11:22:49.007+02:00 DEBUG 10560 --- [cpt] [main] s.w.s.m.m.a.RequestMappingHandlerMapping : 2 mappings in 'requestMappingHandlerMapping'
2024-09-19T11:22:49.184+02:00 DEBUG 10560 --- [cpt] [main] o.s.w.s.handler.SimpleUrlHandlerMapping  : Patterns [/webjars/**, /**] in 'resourceHandlerMapping'
2024-09-19T11:22:49.263+02:00 DEBUG 10560 --- [cpt] [main] s.w.s.m.m.a.RequestMappingHandlerAdapter : ControllerAdvice beans: 0 @ModelAttribute, 0 @InitBinder, 1 RequestBodyAdvice, 1 ResponseBodyAdvice
2024-09-19T11:22:49.319+02:00 DEBUG 10560 --- [cpt] [main] .m.m.a.ExceptionHandlerExceptionResolver : ControllerAdvice beans: 0 @ExceptionHandler, 1 ResponseBodyAdvice
2024-09-19T11:23:34.812+02:00 DEBUG 1360 --- [cpt] [main] s.w.s.m.m.a.RequestMappingHandlerMapping : 2 mappings in 'requestMappingHandlerMapping'
2024-09-19T11:23:34.954+02:00 DEBUG 1360 --- [cpt] [main] o.s.w.s.handler.SimpleUrlHandlerMapping  : Patterns [/webjars/**, /**] in 'resourceHandlerMapping'
2024-09-19T11:23:35.030+02:00 DEBUG 1360 --- [cpt] [main] s.w.s.m.m.a.RequestMappingHandlerAdapter : ControllerAdvice beans: 0 @ModelAttribute, 0 @InitBinder, 1 RequestBodyAdvice, 1 ResponseBodyAdvice
2024-09-19T11:23:35.108+02:00 DEBUG 1360 --- [cpt] [main] .m.m.a.ExceptionHandlerExceptionResolver : ControllerAdvice beans: 0 @ExceptionHandler, 1 ResponseBodyAdvice
2024-09-19T11:25:11.112+02:00 DEBUG 4232 --- [cpt] [main] s.w.s.m.m.a.RequestMappingHandlerMapping : 2 mappings in 'requestMappingHandlerMapping'
2024-09-19T11:25:11.258+02:00 DEBUG 4232 --- [cpt] [main] o.s.w.s.handler.SimpleUrlHandlerMapping  : Patterns [/webjars/**, /**] in 'resourceHandlerMapping'
2024-09-19T11:25:11.365+02:00 DEBUG 4232 --- [cpt] [main] s.w.s.m.m.a.RequestMappingHandlerAdapter : ControllerAdvice beans: 0 @ModelAttribute, 0 @InitBinder, 1 RequestBodyAdvice, 1 ResponseBodyAdvice
2024-09-19T11:25:11.427+02:00 DEBUG 4232 --- [cpt] [main] .m.m.a.ExceptionHandlerExceptionResolver : ControllerAdvice beans: 0 @ExceptionHandler, 1 ResponseBodyAdvice
2024-09-19T11:37:18.295+02:00 DEBUG 16380 --- [cpt] [main] s.w.s.m.m.a.RequestMappingHandlerMapping : 2 mappings in 'requestMappingHandlerMapping'
2024-09-19T11:37:18.442+02:00 DEBUG 16380 --- [cpt] [main] o.s.w.s.handler.SimpleUrlHandlerMapping  : Patterns [/webjars/**, /**] in 'resourceHandlerMapping'
2024-09-19T11:37:18.518+02:00 DEBUG 16380 --- [cpt] [main] s.w.s.m.m.a.RequestMappingHandlerAdapter : ControllerAdvice beans: 0 @ModelAttribute, 0 @InitBinder, 1 RequestBodyAdvice, 1 ResponseBodyAdvice
2024-09-19T11:37:18.575+02:00 DEBUG 16380 --- [cpt] [main] .m.m.a.ExceptionHandlerExceptionResolver : ControllerAdvice beans: 0 @ExceptionHandler, 1 ResponseBodyAdvice
2024-09-19T11:49:16.250+02:00 DEBUG 4344 --- [cpt] [main] s.w.s.m.m.a.RequestMappingHandlerMapping : 4 mappings in 'requestMappingHandlerMapping'
2024-09-19T11:49:16.396+02:00 DEBUG 4344 --- [cpt] [main] o.s.w.s.handler.SimpleUrlHandlerMapping  : Patterns [/webjars/**, /**] in 'resourceHandlerMapping'
2024-09-19T11:49:16.462+02:00 DEBUG 4344 --- [cpt] [main] s.w.s.m.m.a.RequestMappingHandlerAdapter : ControllerAdvice beans: 0 @ModelAttribute, 0 @InitBinder, 1 RequestBodyAdvice, 1 ResponseBodyAdvice
2024-09-19T11:49:16.519+02:00 DEBUG 4344 --- [cpt] [main] .m.m.a.ExceptionHandlerExceptionResolver : ControllerAdvice beans: 0 @ExceptionHandler, 1 ResponseBodyAdvice
2024-09-19T11:50:02.689+02:00 DEBUG 2812 --- [cpt] [main] s.w.s.m.m.a.RequestMappingHandlerMapping : 4 mappings in 'requestMappingHandlerMapping'
2024-09-19T11:50:02.850+02:00 DEBUG 2812 --- [cpt] [main] o.s.w.s.handler.SimpleUrlHandlerMapping  : Patterns [/webjars/**, /**] in 'resourceHandlerMapping'
2024-09-19T11:50:02.925+02:00 DEBUG 2812 --- [cpt] [main] s.w.s.m.m.a.RequestMappingHandlerAdapter : ControllerAdvice beans: 0 @ModelAttribute, 0 @InitBinder, 1 RequestBodyAdvice, 1 ResponseBodyAdvice
2024-09-19T11:50:02.991+02:00 DEBUG 2812 --- [cpt] [main] .m.m.a.ExceptionHandlerExceptionResolver : ControllerAdvice beans: 0 @ExceptionHandler, 1 ResponseBodyAdvice
2024-09-19T11:51:14.053+02:00 DEBUG 11300 --- [cpt] [main] s.w.s.m.m.a.RequestMappingHandlerMapping : 4 mappings in 'requestMappingHandlerMapping'
2024-09-19T11:51:14.220+02:00 DEBUG 11300 --- [cpt] [main] o.s.w.s.handler.SimpleUrlHandlerMapping  : Patterns [/webjars/**, /**] in 'resourceHandlerMapping'
2024-09-19T11:51:14.291+02:00 DEBUG 11300 --- [cpt] [main] s.w.s.m.m.a.RequestMappingHandlerAdapter : ControllerAdvice beans: 0 @ModelAttribute, 0 @InitBinder, 1 RequestBodyAdvice, 1 ResponseBodyAdvice
2024-09-19T11:51:14.351+02:00 DEBUG 11300 --- [cpt] [main] .m.m.a.ExceptionHandlerExceptionResolver : ControllerAdvice beans: 0 @ExceptionHandler, 1 ResponseBodyAdvice
2024-09-19T12:09:20.704+02:00  WARN 3516 --- [cpt] [main] ConfigServletWebServerApplicationContext : Exception encountered during context initialization - cancelling refresh attempt: org.springframework.beans.factory.BeanCreationException: Error creating bean with name 'entityManagerFactory' defined in class path resource [org/springframework/boot/autoconfigure/orm/jpa/HibernateJpaConfiguration.class]: Failed to initialize dependency 'dataSourceScriptDatabaseInitializer' of LoadTimeWeaverAware bean 'entityManagerFactory': Error creating bean with name 'dataSourceScriptDatabaseInitializer' defined in class path resource [org/springframework/boot/autoconfigure/sql/init/DataSourceInitializationConfiguration.class]: Unsatisfied dependency expressed through method 'dataSourceScriptDatabaseInitializer' parameter 0: Error creating bean with name 'dataSource' defined in class path resource [org/springframework/boot/autoconfigure/jdbc/DataSourceConfiguration$Hikari.class]: Failed to instantiate [com.zaxxer.hikari.HikariDataSource]: Factory method 'dataSource' threw exception with message: Failed to determine a suitable driver class
2024-09-19T12:09:20.793+02:00 ERROR 3516 --- [cpt] [main] o.s.b.d.LoggingFailureAnalysisReporter   : 

***************************
APPLICATION FAILED TO START
***************************

Description:

Failed to configure a DataSource: 'url' attribute is not specified and no embedded datasource could be configured.

Reason: Failed to determine a suitable driver class


Action:

Consider the following:
	If you want an embedded database (H2, HSQL or Derby), please put it on the classpath.
	If you have database settings to be loaded from a particular profile you may need to activate it (no profiles are currently active).

2024-09-19T12:10:44.362+02:00  WARN 16292 --- [cpt] [main] ConfigServletWebServerApplicationContext : Exception encountered during context initialization - cancelling refresh attempt: org.springframework.beans.factory.BeanCreationException: Error creating bean with name 'entityManagerFactory' defined in class path resource [org/springframework/boot/autoconfigure/orm/jpa/HibernateJpaConfiguration.class]: Failed to initialize dependency 'dataSourceScriptDatabaseInitializer' of LoadTimeWeaverAware bean 'entityManagerFactory': Error creating bean with name 'dataSourceScriptDatabaseInitializer' defined in class path resource [org/springframework/boot/autoconfigure/sql/init/DataSourceInitializationConfiguration.class]: Unsatisfied dependency expressed through method 'dataSourceScriptDatabaseInitializer' parameter 0: Error creating bean with name 'dataSource' defined in class path resource [org/springframework/boot/autoconfigure/jdbc/DataSourceConfiguration$Hikari.class]: Failed to instantiate [com.zaxxer.hikari.HikariDataSource]: Factory method 'dataSource' threw exception with message: Failed to determine a suitable driver class
2024-09-19T12:10:44.435+02:00 ERROR 16292 --- [cpt] [main] o.s.b.d.LoggingFailureAnalysisReporter   : 

***************************
APPLICATION FAILED TO START
***************************

Description:

Failed to configure a DataSource: 'url' attribute is not specified and no embedded datasource could be configured.

Reason: Failed to determine a suitable driver class


Action:

Consider the following:
	If you want an embedded database (H2, HSQL or Derby), please put it on the classpath.
	If you have database settings to be loaded from a particular profile you may need to activate it (no profiles are currently active).

2024-09-19T12:12:10.160+02:00 DEBUG 18156 --- [cpt] [main] s.w.s.m.m.a.RequestMappingHandlerMapping : 4 mappings in 'requestMappingHandlerMapping'
2024-09-19T12:12:10.308+02:00 DEBUG 18156 --- [cpt] [main] o.s.w.s.handler.SimpleUrlHandlerMapping  : Patterns [/webjars/**, /**] in 'resourceHandlerMapping'
2024-09-19T12:12:10.378+02:00 DEBUG 18156 --- [cpt] [main] s.w.s.m.m.a.RequestMappingHandlerAdapter : ControllerAdvice beans: 0 @ModelAttribute, 0 @InitBinder, 1 RequestBodyAdvice, 1 ResponseBodyAdvice
2024-09-19T12:12:10.441+02:00 DEBUG 18156 --- [cpt] [main] .m.m.a.ExceptionHandlerExceptionResolver : ControllerAdvice beans: 0 @ExceptionHandler, 1 ResponseBodyAdvice
2024-09-19T12:51:38.984+02:00 DEBUG 6888 --- [cpt] [main] s.w.s.m.m.a.RequestMappingHandlerMapping : 4 mappings in 'requestMappingHandlerMapping'
2024-09-19T12:51:39.132+02:00 DEBUG 6888 --- [cpt] [main] o.s.w.s.handler.SimpleUrlHandlerMapping  : Patterns [/webjars/**, /**] in 'resourceHandlerMapping'
2024-09-19T12:51:39.201+02:00 DEBUG 6888 --- [cpt] [main] s.w.s.m.m.a.RequestMappingHandlerAdapter : ControllerAdvice beans: 0 @ModelAttribute, 0 @InitBinder, 1 RequestBodyAdvice, 1 ResponseBodyAdvice
2024-09-19T12:51:39.271+02:00 DEBUG 6888 --- [cpt] [main] .m.m.a.ExceptionHandlerExceptionResolver : ControllerAdvice beans: 0 @ExceptionHandler, 1 ResponseBodyAdvice
2024-09-19T12:54:44.270+02:00 DEBUG 9664 --- [cpt] [main] s.w.s.m.m.a.RequestMappingHandlerMapping : 4 mappings in 'requestMappingHandlerMapping'
2024-09-19T12:54:44.415+02:00 DEBUG 9664 --- [cpt] [main] o.s.w.s.handler.SimpleUrlHandlerMapping  : Patterns [/webjars/**, /**] in 'resourceHandlerMapping'
2024-09-19T12:54:44.490+02:00 DEBUG 9664 --- [cpt] [main] s.w.s.m.m.a.RequestMappingHandlerAdapter : ControllerAdvice beans: 0 @ModelAttribute, 0 @InitBinder, 1 RequestBodyAdvice, 1 ResponseBodyAdvice
2024-09-19T12:54:44.552+02:00 DEBUG 9664 --- [cpt] [main] .m.m.a.ExceptionHandlerExceptionResolver : ControllerAdvice beans: 0 @ExceptionHandler, 1 ResponseBodyAdvice
2024-09-19T12:55:34.124+02:00 DEBUG 10468 --- [cpt] [main] s.w.s.m.m.a.RequestMappingHandlerMapping : 3 mappings in 'requestMappingHandlerMapping'
2024-09-19T12:55:34.270+02:00 DEBUG 10468 --- [cpt] [main] o.s.w.s.handler.SimpleUrlHandlerMapping  : Patterns [/webjars/**, /**] in 'resourceHandlerMapping'
2024-09-19T12:55:34.334+02:00 DEBUG 10468 --- [cpt] [main] s.w.s.m.m.a.RequestMappingHandlerAdapter : ControllerAdvice beans: 0 @ModelAttribute, 0 @InitBinder, 1 RequestBodyAdvice, 1 ResponseBodyAdvice
2024-09-19T12:55:34.406+02:00 DEBUG 10468 --- [cpt] [main] .m.m.a.ExceptionHandlerExceptionResolver : ControllerAdvice beans: 0 @ExceptionHandler, 1 ResponseBodyAdvice
2024-09-19T13:02:09.765+02:00  INFO 10468 --- [cpt] [http-nio-8080-exec-2] o.s.web.servlet.DispatcherServlet        : Initializing Servlet 'dispatcherServlet'
2024-09-19T13:02:09.768+02:00 DEBUG 10468 --- [cpt] [http-nio-8080-exec-2] o.s.web.servlet.DispatcherServlet        : Detected StandardServletMultipartResolver
2024-09-19T13:02:09.769+02:00 DEBUG 10468 --- [cpt] [http-nio-8080-exec-2] o.s.web.servlet.DispatcherServlet        : Detected AcceptHeaderLocaleResolver
2024-09-19T13:02:09.769+02:00 DEBUG 10468 --- [cpt] [http-nio-8080-exec-2] o.s.web.servlet.DispatcherServlet        : Detected FixedThemeResolver
2024-09-19T13:02:09.778+02:00 DEBUG 10468 --- [cpt] [http-nio-8080-exec-2] o.s.web.servlet.DispatcherServlet        : Detected org.springframework.web.servlet.view.DefaultRequestToViewNameTranslator@63cf9de0
2024-09-19T13:02:09.782+02:00 DEBUG 10468 --- [cpt] [http-nio-8080-exec-2] o.s.web.servlet.DispatcherServlet        : Detected org.springframework.web.servlet.support.SessionFlashMapManager@4c5228e7
2024-09-19T13:02:09.782+02:00 DEBUG 10468 --- [cpt] [http-nio-8080-exec-2] o.s.web.servlet.DispatcherServlet        : enableLoggingRequestDetails='false': request parameters and headers will be masked to prevent unsafe logging of potentially sensitive cardActionDataModel
2024-09-19T13:02:09.783+02:00  INFO 10468 --- [cpt] [http-nio-8080-exec-2] o.s.web.servlet.DispatcherServlet        : Completed initialization in 15 ms
2024-09-19T13:02:09.806+02:00 DEBUG 10468 --- [cpt] [http-nio-8080-exec-2] o.s.web.servlet.DispatcherServlet        : GET "/trello/board", parameters={}
2024-09-19T13:02:09.831+02:00 DEBUG 10468 --- [cpt] [http-nio-8080-exec-2] o.s.w.s.handler.SimpleUrlHandlerMapping  : Mapped to ResourceHttpRequestHandler [classpath [META-INF/resources/], classpath [resources/], classpath [static/], classpath [public/], ServletContext [/]]
2024-09-19T13:02:09.845+02:00 DEBUG 10468 --- [cpt] [http-nio-8080-exec-2] o.s.w.s.r.ResourceHttpRequestHandler     : Resource not found
2024-09-19T13:02:09.851+02:00 DEBUG 10468 --- [cpt] [http-nio-8080-exec-2] .w.s.m.s.DefaultHandlerExceptionResolver : Resolved [org.springframework.web.servlet.resource.NoResourceFoundException: No static resource trello/board.]
2024-09-19T13:02:09.854+02:00 DEBUG 10468 --- [cpt] [http-nio-8080-exec-2] o.s.web.servlet.DispatcherServlet        : Completed 404 NOT_FOUND
2024-09-19T13:02:09.880+02:00 DEBUG 10468 --- [cpt] [http-nio-8080-exec-2] o.s.web.servlet.DispatcherServlet        : "ERROR" dispatch for GET "/error", parameters={}
2024-09-19T13:02:09.884+02:00 DEBUG 10468 --- [cpt] [http-nio-8080-exec-2] s.w.s.m.m.a.RequestMappingHandlerMapping : Mapped to org.springframework.boot.autoconfigure.web.servlet.error.BasicErrorController#error(HttpServletRequest)
2024-09-19T13:02:09.950+02:00 DEBUG 10468 --- [cpt] [http-nio-8080-exec-2] o.s.w.s.m.m.a.HttpEntityMethodProcessor  : Using 'application/json', given [*/*] and supported [application/json, application/*+json]
2024-09-19T13:02:09.952+02:00 DEBUG 10468 --- [cpt] [http-nio-8080-exec-2] o.s.w.s.m.m.a.HttpEntityMethodProcessor  : Writing [{timestamp=Thu Sep 19 13:02:09 CEST 2024, status=404, error=Not Found, path=/trello/board}]
2024-09-19T13:02:10.054+02:00 DEBUG 10468 --- [cpt] [http-nio-8080-exec-2] o.s.web.servlet.DispatcherServlet        : Exiting from "ERROR" dispatch, status 404
2024-09-19T13:03:35.650+02:00 DEBUG 18372 --- [cpt] [main] s.w.s.m.m.a.RequestMappingHandlerMapping : 3 mappings in 'requestMappingHandlerMapping'
2024-09-19T13:03:35.810+02:00 DEBUG 18372 --- [cpt] [main] o.s.w.s.handler.SimpleUrlHandlerMapping  : Patterns [/webjars/**, /**] in 'resourceHandlerMapping'
2024-09-19T13:03:35.886+02:00 DEBUG 18372 --- [cpt] [main] s.w.s.m.m.a.RequestMappingHandlerAdapter : ControllerAdvice beans: 0 @ModelAttribute, 0 @InitBinder, 1 RequestBodyAdvice, 1 ResponseBodyAdvice
2024-09-19T13:03:35.948+02:00 DEBUG 18372 --- [cpt] [main] .m.m.a.ExceptionHandlerExceptionResolver : ControllerAdvice beans: 0 @ExceptionHandler, 1 ResponseBodyAdvice
2024-09-19T13:03:59.891+02:00  INFO 18372 --- [cpt] [http-nio-8080-exec-1] o.s.web.servlet.DispatcherServlet        : Initializing Servlet 'dispatcherServlet'
2024-09-19T13:03:59.892+02:00 DEBUG 18372 --- [cpt] [http-nio-8080-exec-1] o.s.web.servlet.DispatcherServlet        : Detected StandardServletMultipartResolver
2024-09-19T13:03:59.893+02:00 DEBUG 18372 --- [cpt] [http-nio-8080-exec-1] o.s.web.servlet.DispatcherServlet        : Detected AcceptHeaderLocaleResolver
2024-09-19T13:03:59.895+02:00 DEBUG 18372 --- [cpt] [http-nio-8080-exec-1] o.s.web.servlet.DispatcherServlet        : Detected FixedThemeResolver
2024-09-19T13:03:59.897+02:00 DEBUG 18372 --- [cpt] [http-nio-8080-exec-1] o.s.web.servlet.DispatcherServlet        : Detected org.springframework.web.servlet.view.DefaultRequestToViewNameTranslator@6587305a
2024-09-19T13:03:59.898+02:00 DEBUG 18372 --- [cpt] [http-nio-8080-exec-1] o.s.web.servlet.DispatcherServlet        : Detected org.springframework.web.servlet.support.SessionFlashMapManager@3f1ef9d6
2024-09-19T13:03:59.901+02:00 DEBUG 18372 --- [cpt] [http-nio-8080-exec-1] o.s.web.servlet.DispatcherServlet        : enableLoggingRequestDetails='false': request parameters and headers will be masked to prevent unsafe logging of potentially sensitive cardActionDataModel
2024-09-19T13:03:59.901+02:00  INFO 18372 --- [cpt] [http-nio-8080-exec-1] o.s.web.servlet.DispatcherServlet        : Completed initialization in 9 ms
2024-09-19T13:03:59.917+02:00 DEBUG 18372 --- [cpt] [http-nio-8080-exec-1] o.s.web.servlet.DispatcherServlet        : GET "/trello/board", parameters={}
2024-09-19T13:03:59.940+02:00 DEBUG 18372 --- [cpt] [http-nio-8080-exec-1] o.s.w.s.handler.SimpleUrlHandlerMapping  : Mapped to ResourceHttpRequestHandler [classpath [META-INF/resources/], classpath [resources/], classpath [static/], classpath [public/], ServletContext [/]]
2024-09-19T13:03:59.958+02:00 DEBUG 18372 --- [cpt] [http-nio-8080-exec-1] o.s.w.s.r.ResourceHttpRequestHandler     : Resource not found
2024-09-19T13:03:59.968+02:00 DEBUG 18372 --- [cpt] [http-nio-8080-exec-1] .w.s.m.s.DefaultHandlerExceptionResolver : Resolved [org.springframework.web.servlet.resource.NoResourceFoundException: No static resource trello/board.]
2024-09-19T13:03:59.970+02:00 DEBUG 18372 --- [cpt] [http-nio-8080-exec-1] o.s.web.servlet.DispatcherServlet        : Completed 404 NOT_FOUND
2024-09-19T13:03:59.987+02:00 DEBUG 18372 --- [cpt] [http-nio-8080-exec-1] o.s.web.servlet.DispatcherServlet        : "ERROR" dispatch for GET "/error", parameters={}
2024-09-19T13:03:59.990+02:00 DEBUG 18372 --- [cpt] [http-nio-8080-exec-1] s.w.s.m.m.a.RequestMappingHandlerMapping : Mapped to org.springframework.boot.autoconfigure.web.servlet.error.BasicErrorController#error(HttpServletRequest)
2024-09-19T13:04:00.072+02:00 DEBUG 18372 --- [cpt] [http-nio-8080-exec-1] o.s.w.s.m.m.a.HttpEntityMethodProcessor  : Using 'application/json', given [*/*] and supported [application/json, application/*+json]
2024-09-19T13:04:00.075+02:00 DEBUG 18372 --- [cpt] [http-nio-8080-exec-1] o.s.w.s.m.m.a.HttpEntityMethodProcessor  : Writing [{timestamp=Thu Sep 19 13:04:00 CEST 2024, status=404, error=Not Found, path=/trello/board}]
2024-09-19T13:04:00.181+02:00 DEBUG 18372 --- [cpt] [http-nio-8080-exec-1] o.s.web.servlet.DispatcherServlet        : Exiting from "ERROR" dispatch, status 404
2024-09-19T13:06:43.784+02:00 DEBUG 8884 --- [cpt] [main] s.w.s.m.m.a.RequestMappingHandlerMapping : 3 mappings in 'requestMappingHandlerMapping'
2024-09-19T13:06:43.916+02:00 DEBUG 8884 --- [cpt] [main] o.s.w.s.handler.SimpleUrlHandlerMapping  : Patterns [/webjars/**, /**] in 'resourceHandlerMapping'
2024-09-19T13:06:43.995+02:00 DEBUG 8884 --- [cpt] [main] s.w.s.m.m.a.RequestMappingHandlerAdapter : ControllerAdvice beans: 0 @ModelAttribute, 0 @InitBinder, 1 RequestBodyAdvice, 1 ResponseBodyAdvice
2024-09-19T13:06:44.061+02:00 DEBUG 8884 --- [cpt] [main] .m.m.a.ExceptionHandlerExceptionResolver : ControllerAdvice beans: 0 @ExceptionHandler, 1 ResponseBodyAdvice
2024-09-19T13:08:24.457+02:00 DEBUG 1204 --- [cpt] [main] s.w.s.m.m.a.RequestMappingHandlerMapping : 3 mappings in 'requestMappingHandlerMapping'
2024-09-19T13:08:24.580+02:00 DEBUG 1204 --- [cpt] [main] o.s.w.s.handler.SimpleUrlHandlerMapping  : Patterns [/webjars/**, /**] in 'resourceHandlerMapping'
2024-09-19T13:08:24.633+02:00 DEBUG 1204 --- [cpt] [main] s.w.s.m.m.a.RequestMappingHandlerAdapter : ControllerAdvice beans: 0 @ModelAttribute, 0 @InitBinder, 1 RequestBodyAdvice, 1 ResponseBodyAdvice
2024-09-19T13:08:24.702+02:00 DEBUG 1204 --- [cpt] [main] .m.m.a.ExceptionHandlerExceptionResolver : ControllerAdvice beans: 0 @ExceptionHandler, 1 ResponseBodyAdvice
2024-09-19T13:15:59.052+02:00  INFO 1204 --- [cpt] [http-nio-8080-exec-2] o.s.web.servlet.DispatcherServlet        : Initializing Servlet 'dispatcherServlet'
2024-09-19T13:15:59.055+02:00 DEBUG 1204 --- [cpt] [http-nio-8080-exec-2] o.s.web.servlet.DispatcherServlet        : Detected StandardServletMultipartResolver
2024-09-19T13:15:59.055+02:00 DEBUG 1204 --- [cpt] [http-nio-8080-exec-2] o.s.web.servlet.DispatcherServlet        : Detected AcceptHeaderLocaleResolver
2024-09-19T13:15:59.056+02:00 DEBUG 1204 --- [cpt] [http-nio-8080-exec-2] o.s.web.servlet.DispatcherServlet        : Detected FixedThemeResolver
2024-09-19T13:15:59.061+02:00 DEBUG 1204 --- [cpt] [http-nio-8080-exec-2] o.s.web.servlet.DispatcherServlet        : Detected org.springframework.web.servlet.view.DefaultRequestToViewNameTranslator@1a58b76
2024-09-19T13:15:59.063+02:00 DEBUG 1204 --- [cpt] [http-nio-8080-exec-2] o.s.web.servlet.DispatcherServlet        : Detected org.springframework.web.servlet.support.SessionFlashMapManager@1d9bc9ee
2024-09-19T13:15:59.069+02:00 DEBUG 1204 --- [cpt] [http-nio-8080-exec-2] o.s.web.servlet.DispatcherServlet        : enableLoggingRequestDetails='false': request parameters and headers will be masked to prevent unsafe logging of potentially sensitive cardActionDataModel
2024-09-19T13:15:59.070+02:00  INFO 1204 --- [cpt] [http-nio-8080-exec-2] o.s.web.servlet.DispatcherServlet        : Completed initialization in 15 ms
2024-09-19T13:15:59.087+02:00 DEBUG 1204 --- [cpt] [http-nio-8080-exec-2] o.s.web.servlet.DispatcherServlet        : GET "/trello/boards", parameters={}
2024-09-19T13:15:59.118+02:00 DEBUG 1204 --- [cpt] [http-nio-8080-exec-2] s.w.s.m.m.a.RequestMappingHandlerMapping : Mapped to TrelloController#getBoards()
2024-09-19T13:15:59.406+02:00 DEBUG 1204 --- [cpt] [http-nio-8080-exec-2] o.s.web.client.RestTemplate              : HTTP GET https://api.trello.com/1/members/me/boards?key=16adcba3e4f025a47f0db82116772a7b&token=ATTA20a016cb746108b3c4e6bbc0bd5cd88d7f8b7ca58ea59655782df8fbda689a438E397AFB
2024-09-19T13:15:59.425+02:00 DEBUG 1204 --- [cpt] [http-nio-8080-exec-2] o.s.web.client.RestTemplate              : Accept=[text/plain, application/json, application/*+json, */*]
2024-09-19T13:16:00.164+02:00 DEBUG 1204 --- [cpt] [http-nio-8080-exec-2] o.s.web.client.RestTemplate              : Response 200 OK
2024-09-19T13:16:00.166+02:00 DEBUG 1204 --- [cpt] [http-nio-8080-exec-2] o.s.web.client.RestTemplate              : Reading to [java.lang.String] as "application/json;charset=utf-8"
2024-09-19T13:16:00.187+02:00 DEBUG 1204 --- [cpt] [http-nio-8080-exec-2] m.m.a.RequestResponseBodyMethodProcessor : Using 'text/plain', given [*/*] and supported [text/plain, */*, application/json, application/*+json]
2024-09-19T13:16:00.189+02:00 DEBUG 1204 --- [cpt] [http-nio-8080-exec-2] m.m.a.RequestResponseBodyMethodProcessor : Writing ["[{"id":"66e7d8a7f2b3606e42ccc7ea","nodeId":"ari:cloud:trello::board/workspace/5fd22792274c302ff25569 (truncated)..."]
2024-09-19T13:16:00.201+02:00 DEBUG 1204 --- [cpt] [http-nio-8080-exec-2] o.s.web.servlet.DispatcherServlet        : Completed 200 OK
2024-09-19T13:17:52.779+02:00 DEBUG 1840 --- [cpt] [main] s.w.s.m.m.a.RequestMappingHandlerMapping : 3 mappings in 'requestMappingHandlerMapping'
2024-09-19T13:17:52.901+02:00 DEBUG 1840 --- [cpt] [main] o.s.w.s.handler.SimpleUrlHandlerMapping  : Patterns [/webjars/**, /**] in 'resourceHandlerMapping'
2024-09-19T13:17:52.956+02:00 DEBUG 1840 --- [cpt] [main] s.w.s.m.m.a.RequestMappingHandlerAdapter : ControllerAdvice beans: 0 @ModelAttribute, 0 @InitBinder, 1 RequestBodyAdvice, 1 ResponseBodyAdvice
2024-09-19T13:17:53.019+02:00 DEBUG 1840 --- [cpt] [main] .m.m.a.ExceptionHandlerExceptionResolver : ControllerAdvice beans: 0 @ExceptionHandler, 1 ResponseBodyAdvice
2024-09-19T13:18:21.003+02:00  INFO 1840 --- [cpt] [http-nio-8080-exec-2] o.s.web.servlet.DispatcherServlet        : Initializing Servlet 'dispatcherServlet'
2024-09-19T13:18:21.004+02:00 DEBUG 1840 --- [cpt] [http-nio-8080-exec-2] o.s.web.servlet.DispatcherServlet        : Detected StandardServletMultipartResolver
2024-09-19T13:18:21.004+02:00 DEBUG 1840 --- [cpt] [http-nio-8080-exec-2] o.s.web.servlet.DispatcherServlet        : Detected AcceptHeaderLocaleResolver
2024-09-19T13:18:21.004+02:00 DEBUG 1840 --- [cpt] [http-nio-8080-exec-2] o.s.web.servlet.DispatcherServlet        : Detected FixedThemeResolver
2024-09-19T13:18:21.005+02:00 DEBUG 1840 --- [cpt] [http-nio-8080-exec-2] o.s.web.servlet.DispatcherServlet        : Detected org.springframework.web.servlet.view.DefaultRequestToViewNameTranslator@5479b5e7
2024-09-19T13:18:21.006+02:00 DEBUG 1840 --- [cpt] [http-nio-8080-exec-2] o.s.web.servlet.DispatcherServlet        : Detected org.springframework.web.servlet.support.SessionFlashMapManager@5b55a270
2024-09-19T13:18:21.006+02:00 DEBUG 1840 --- [cpt] [http-nio-8080-exec-2] o.s.web.servlet.DispatcherServlet        : enableLoggingRequestDetails='false': request parameters and headers will be masked to prevent unsafe logging of potentially sensitive cardActionDataModel
2024-09-19T13:18:21.007+02:00  INFO 1840 --- [cpt] [http-nio-8080-exec-2] o.s.web.servlet.DispatcherServlet        : Completed initialization in 3 ms
2024-09-19T13:18:21.021+02:00 DEBUG 1840 --- [cpt] [http-nio-8080-exec-2] o.s.web.servlet.DispatcherServlet        : GET "/trello/boards/66e7d8a7f2b3606e42ccc7ea/checklists", parameters={}
2024-09-19T13:18:21.040+02:00 DEBUG 1840 --- [cpt] [http-nio-8080-exec-2] o.s.w.s.handler.SimpleUrlHandlerMapping  : Mapped to ResourceHttpRequestHandler [classpath [META-INF/resources/], classpath [resources/], classpath [static/], classpath [public/], ServletContext [/]]
2024-09-19T13:18:21.060+02:00 DEBUG 1840 --- [cpt] [http-nio-8080-exec-2] o.s.w.s.r.ResourceHttpRequestHandler     : Resource not found
2024-09-19T13:18:21.070+02:00 DEBUG 1840 --- [cpt] [http-nio-8080-exec-2] .w.s.m.s.DefaultHandlerExceptionResolver : Resolved [org.springframework.web.servlet.resource.NoResourceFoundException: No static resource trello/boards/66e7d8a7f2b3606e42ccc7ea/checklists.]
2024-09-19T13:18:21.072+02:00 DEBUG 1840 --- [cpt] [http-nio-8080-exec-2] o.s.web.servlet.DispatcherServlet        : Completed 404 NOT_FOUND
2024-09-19T13:18:21.084+02:00 DEBUG 1840 --- [cpt] [http-nio-8080-exec-2] o.s.web.servlet.DispatcherServlet        : "ERROR" dispatch for GET "/error", parameters={}
2024-09-19T13:18:21.087+02:00 DEBUG 1840 --- [cpt] [http-nio-8080-exec-2] s.w.s.m.m.a.RequestMappingHandlerMapping : Mapped to org.springframework.boot.autoconfigure.web.servlet.error.BasicErrorController#error(HttpServletRequest)
2024-09-19T13:18:21.150+02:00 DEBUG 1840 --- [cpt] [http-nio-8080-exec-2] o.s.w.s.m.m.a.HttpEntityMethodProcessor  : Using 'application/json', given [*/*] and supported [application/json, application/*+json]
2024-09-19T13:18:21.154+02:00 DEBUG 1840 --- [cpt] [http-nio-8080-exec-2] o.s.w.s.m.m.a.HttpEntityMethodProcessor  : Writing [{timestamp=Thu Sep 19 13:18:21 CEST 2024, status=404, error=Not Found, path=/trello/boards/66e7d8a7f (truncated)...]
2024-09-19T13:18:21.260+02:00 DEBUG 1840 --- [cpt] [http-nio-8080-exec-2] o.s.web.servlet.DispatcherServlet        : Exiting from "ERROR" dispatch, status 404
2024-09-19T13:20:05.274+02:00 DEBUG 5160 --- [cpt] [main] s.w.s.m.m.a.RequestMappingHandlerMapping : 3 mappings in 'requestMappingHandlerMapping'
2024-09-19T13:20:05.443+02:00 DEBUG 5160 --- [cpt] [main] o.s.w.s.handler.SimpleUrlHandlerMapping  : Patterns [/webjars/**, /**] in 'resourceHandlerMapping'
2024-09-19T13:20:05.501+02:00 DEBUG 5160 --- [cpt] [main] s.w.s.m.m.a.RequestMappingHandlerAdapter : ControllerAdvice beans: 0 @ModelAttribute, 0 @InitBinder, 1 RequestBodyAdvice, 1 ResponseBodyAdvice
2024-09-19T13:20:05.597+02:00 DEBUG 5160 --- [cpt] [main] .m.m.a.ExceptionHandlerExceptionResolver : ControllerAdvice beans: 0 @ExceptionHandler, 1 ResponseBodyAdvice
2024-09-19T13:20:13.852+02:00  INFO 5160 --- [cpt] [http-nio-8080-exec-2] o.s.web.servlet.DispatcherServlet        : Initializing Servlet 'dispatcherServlet'
2024-09-19T13:20:13.852+02:00 DEBUG 5160 --- [cpt] [http-nio-8080-exec-2] o.s.web.servlet.DispatcherServlet        : Detected StandardServletMultipartResolver
2024-09-19T13:20:13.853+02:00 DEBUG 5160 --- [cpt] [http-nio-8080-exec-2] o.s.web.servlet.DispatcherServlet        : Detected AcceptHeaderLocaleResolver
2024-09-19T13:20:13.853+02:00 DEBUG 5160 --- [cpt] [http-nio-8080-exec-2] o.s.web.servlet.DispatcherServlet        : Detected FixedThemeResolver
2024-09-19T13:20:13.854+02:00 DEBUG 5160 --- [cpt] [http-nio-8080-exec-2] o.s.web.servlet.DispatcherServlet        : Detected org.springframework.web.servlet.view.DefaultRequestToViewNameTranslator@b7685be
2024-09-19T13:20:13.855+02:00 DEBUG 5160 --- [cpt] [http-nio-8080-exec-2] o.s.web.servlet.DispatcherServlet        : Detected org.springframework.web.servlet.support.SessionFlashMapManager@bda63a8
2024-09-19T13:20:13.856+02:00 DEBUG 5160 --- [cpt] [http-nio-8080-exec-2] o.s.web.servlet.DispatcherServlet        : enableLoggingRequestDetails='false': request parameters and headers will be masked to prevent unsafe logging of potentially sensitive cardActionDataModel
2024-09-19T13:20:13.856+02:00  INFO 5160 --- [cpt] [http-nio-8080-exec-2] o.s.web.servlet.DispatcherServlet        : Completed initialization in 4 ms
2024-09-19T13:20:13.877+02:00 DEBUG 5160 --- [cpt] [http-nio-8080-exec-2] o.s.web.servlet.DispatcherServlet        : GET "/trello/boards/66e7d8a7f2b3606e42ccc7ea/checklists", parameters={}
2024-09-19T13:20:13.895+02:00 DEBUG 5160 --- [cpt] [http-nio-8080-exec-2] o.s.w.s.handler.SimpleUrlHandlerMapping  : Mapped to ResourceHttpRequestHandler [classpath [META-INF/resources/], classpath [resources/], classpath [static/], classpath [public/], ServletContext [/]]
2024-09-19T13:20:13.921+02:00 DEBUG 5160 --- [cpt] [http-nio-8080-exec-2] o.s.w.s.r.ResourceHttpRequestHandler     : Resource not found
2024-09-19T13:20:13.929+02:00 DEBUG 5160 --- [cpt] [http-nio-8080-exec-2] .w.s.m.s.DefaultHandlerExceptionResolver : Resolved [org.springframework.web.servlet.resource.NoResourceFoundException: No static resource trello/boards/66e7d8a7f2b3606e42ccc7ea/checklists.]
2024-09-19T13:20:13.931+02:00 DEBUG 5160 --- [cpt] [http-nio-8080-exec-2] o.s.web.servlet.DispatcherServlet        : Completed 404 NOT_FOUND
2024-09-19T13:20:13.943+02:00 DEBUG 5160 --- [cpt] [http-nio-8080-exec-2] o.s.web.servlet.DispatcherServlet        : "ERROR" dispatch for GET "/error", parameters={}
2024-09-19T13:20:13.947+02:00 DEBUG 5160 --- [cpt] [http-nio-8080-exec-2] s.w.s.m.m.a.RequestMappingHandlerMapping : Mapped to org.springframework.boot.autoconfigure.web.servlet.error.BasicErrorController#error(HttpServletRequest)
2024-09-19T13:20:14.015+02:00 DEBUG 5160 --- [cpt] [http-nio-8080-exec-2] o.s.w.s.m.m.a.HttpEntityMethodProcessor  : Using 'application/json', given [*/*] and supported [application/json, application/*+json]
2024-09-19T13:20:14.023+02:00 DEBUG 5160 --- [cpt] [http-nio-8080-exec-2] o.s.w.s.m.m.a.HttpEntityMethodProcessor  : Writing [{timestamp=Thu Sep 19 13:20:13 CEST 2024, status=404, error=Not Found, path=/trello/boards/66e7d8a7f (truncated)...]
2024-09-19T13:20:14.130+02:00 DEBUG 5160 --- [cpt] [http-nio-8080-exec-2] o.s.web.servlet.DispatcherServlet        : Exiting from "ERROR" dispatch, status 404
2024-09-19T13:20:16.231+02:00 DEBUG 5160 --- [cpt] [http-nio-8080-exec-3] o.s.web.servlet.DispatcherServlet        : GET "/trello/boards/66e7d8a7f2b3606e42ccc7ea/checklists", parameters={}
2024-09-19T13:20:16.232+02:00 DEBUG 5160 --- [cpt] [http-nio-8080-exec-3] o.s.w.s.handler.SimpleUrlHandlerMapping  : Mapped to ResourceHttpRequestHandler [classpath [META-INF/resources/], classpath [resources/], classpath [static/], classpath [public/], ServletContext [/]]
2024-09-19T13:20:16.233+02:00 DEBUG 5160 --- [cpt] [http-nio-8080-exec-3] o.s.w.s.r.ResourceHttpRequestHandler     : Resource not found
2024-09-19T13:20:16.234+02:00 DEBUG 5160 --- [cpt] [http-nio-8080-exec-3] .w.s.m.s.DefaultHandlerExceptionResolver : Resolved [org.springframework.web.servlet.resource.NoResourceFoundException: No static resource trello/boards/66e7d8a7f2b3606e42ccc7ea/checklists.]
2024-09-19T13:20:16.234+02:00 DEBUG 5160 --- [cpt] [http-nio-8080-exec-3] o.s.web.servlet.DispatcherServlet        : Completed 404 NOT_FOUND
2024-09-19T13:20:16.235+02:00 DEBUG 5160 --- [cpt] [http-nio-8080-exec-3] o.s.web.servlet.DispatcherServlet        : "ERROR" dispatch for GET "/error", parameters={}
2024-09-19T13:20:16.235+02:00 DEBUG 5160 --- [cpt] [http-nio-8080-exec-3] s.w.s.m.m.a.RequestMappingHandlerMapping : Mapped to org.springframework.boot.autoconfigure.web.servlet.error.BasicErrorController#error(HttpServletRequest)
2024-09-19T13:20:16.236+02:00 DEBUG 5160 --- [cpt] [http-nio-8080-exec-3] o.s.w.s.m.m.a.HttpEntityMethodProcessor  : Using 'application/json', given [*/*] and supported [application/json, application/*+json]
2024-09-19T13:20:16.237+02:00 DEBUG 5160 --- [cpt] [http-nio-8080-exec-3] o.s.w.s.m.m.a.HttpEntityMethodProcessor  : Writing [{timestamp=Thu Sep 19 13:20:16 CEST 2024, status=404, error=Not Found, path=/trello/boards/66e7d8a7f (truncated)...]
2024-09-19T13:20:16.238+02:00 DEBUG 5160 --- [cpt] [http-nio-8080-exec-3] o.s.web.servlet.DispatcherServlet        : Exiting from "ERROR" dispatch, status 404
2024-09-19T13:20:48.876+02:00 DEBUG 6820 --- [cpt] [main] s.w.s.m.m.a.RequestMappingHandlerMapping : 3 mappings in 'requestMappingHandlerMapping'
2024-09-19T13:20:48.998+02:00 DEBUG 6820 --- [cpt] [main] o.s.w.s.handler.SimpleUrlHandlerMapping  : Patterns [/webjars/**, /**] in 'resourceHandlerMapping'
2024-09-19T13:20:49.059+02:00 DEBUG 6820 --- [cpt] [main] s.w.s.m.m.a.RequestMappingHandlerAdapter : ControllerAdvice beans: 0 @ModelAttribute, 0 @InitBinder, 1 RequestBodyAdvice, 1 ResponseBodyAdvice
2024-09-19T13:20:49.129+02:00 DEBUG 6820 --- [cpt] [main] .m.m.a.ExceptionHandlerExceptionResolver : ControllerAdvice beans: 0 @ExceptionHandler, 1 ResponseBodyAdvice
2024-09-19T13:21:48.856+02:00  INFO 6820 --- [cpt] [http-nio-8080-exec-3] o.s.web.servlet.DispatcherServlet        : Initializing Servlet 'dispatcherServlet'
2024-09-19T13:21:48.857+02:00 DEBUG 6820 --- [cpt] [http-nio-8080-exec-3] o.s.web.servlet.DispatcherServlet        : Detected StandardServletMultipartResolver
2024-09-19T13:21:48.857+02:00 DEBUG 6820 --- [cpt] [http-nio-8080-exec-3] o.s.web.servlet.DispatcherServlet        : Detected AcceptHeaderLocaleResolver
2024-09-19T13:21:48.857+02:00 DEBUG 6820 --- [cpt] [http-nio-8080-exec-3] o.s.web.servlet.DispatcherServlet        : Detected FixedThemeResolver
2024-09-19T13:21:48.858+02:00 DEBUG 6820 --- [cpt] [http-nio-8080-exec-3] o.s.web.servlet.DispatcherServlet        : Detected org.springframework.web.servlet.view.DefaultRequestToViewNameTranslator@67768c6f
2024-09-19T13:21:48.859+02:00 DEBUG 6820 --- [cpt] [http-nio-8080-exec-3] o.s.web.servlet.DispatcherServlet        : Detected org.springframework.web.servlet.support.SessionFlashMapManager@351a92ba
2024-09-19T13:21:48.859+02:00 DEBUG 6820 --- [cpt] [http-nio-8080-exec-3] o.s.web.servlet.DispatcherServlet        : enableLoggingRequestDetails='false': request parameters and headers will be masked to prevent unsafe logging of potentially sensitive cardActionDataModel
2024-09-19T13:21:48.860+02:00  INFO 6820 --- [cpt] [http-nio-8080-exec-3] o.s.web.servlet.DispatcherServlet        : Completed initialization in 4 ms
2024-09-19T13:21:48.879+02:00 DEBUG 6820 --- [cpt] [http-nio-8080-exec-3] o.s.web.servlet.DispatcherServlet        : GET "/trello/boards", parameters={}
2024-09-19T13:21:48.905+02:00 DEBUG 6820 --- [cpt] [http-nio-8080-exec-3] s.w.s.m.m.a.RequestMappingHandlerMapping : Mapped to TrelloController#getBoards()
2024-09-19T13:21:49.192+02:00 DEBUG 6820 --- [cpt] [http-nio-8080-exec-3] o.s.web.client.RestTemplate              : HTTP GET https://api.trello.com/1/boards?key=16adcba3e4f025a47f0db82116772a7b&token=ATTA20a016cb746108b3c4e6bbc0bd5cd88d7f8b7ca58ea59655782df8fbda689a438E397AFB
2024-09-19T13:21:49.208+02:00 DEBUG 6820 --- [cpt] [http-nio-8080-exec-3] o.s.web.client.RestTemplate              : Accept=[text/plain, application/json, application/*+json, */*]
2024-09-19T13:21:50.088+02:00 DEBUG 6820 --- [cpt] [http-nio-8080-exec-3] o.s.web.client.RestTemplate              : Response 404 NOT_FOUND
2024-09-19T13:21:50.108+02:00 DEBUG 6820 --- [cpt] [http-nio-8080-exec-3] o.s.web.servlet.DispatcherServlet        : Failed to complete request: org.springframework.web.client.HttpClientErrorException$NotFound: 404 Not Found: "Cannot GET /1/boards?key=16adcba3e4f025a47f0db82116772a7b&token=ATTA20a016cb746108b3c4e6bbc0bd5cd88d7f8b7ca58ea59655782df8fbda689a438E397AFB"
2024-09-19T13:21:50.110+02:00 ERROR 6820 --- [cpt] [http-nio-8080-exec-3] o.a.c.c.C.[.[.[/].[dispatcherServlet]    : Servlet.service() for servlet [dispatcherServlet] in context with path [] threw exception [Request processing failed: org.springframework.web.client.HttpClientErrorException$NotFound: 404 Not Found: "Cannot GET /1/boards?key=16adcba3e4f025a47f0db82116772a7b&token=ATTA20a016cb746108b3c4e6bbc0bd5cd88d7f8b7ca58ea59655782df8fbda689a438E397AFB"] with root cause

org.springframework.web.client.HttpClientErrorException$NotFound: 404 Not Found: "Cannot GET /1/boards?key=16adcba3e4f025a47f0db82116772a7b&token=ATTA20a016cb746108b3c4e6bbc0bd5cd88d7f8b7ca58ea59655782df8fbda689a438E397AFB"
	at org.springframework.web.client.HttpClientErrorException.create(HttpClientErrorException.java:112) ~[spring-web-6.1.12.jar:6.1.12]
	at org.springframework.web.client.DefaultResponseErrorHandler.handleError(DefaultResponseErrorHandler.java:183) ~[spring-web-6.1.12.jar:6.1.12]
	at org.springframework.web.client.DefaultResponseErrorHandler.handleError(DefaultResponseErrorHandler.java:137) ~[spring-web-6.1.12.jar:6.1.12]
	at org.springframework.web.client.ResponseErrorHandler.handleError(ResponseErrorHandler.java:63) ~[spring-web-6.1.12.jar:6.1.12]
	at org.springframework.web.client.RestTemplate.handleResponse(RestTemplate.java:942) ~[spring-web-6.1.12.jar:6.1.12]
	at org.springframework.web.client.RestTemplate.doExecute(RestTemplate.java:891) ~[spring-web-6.1.12.jar:6.1.12]
	at org.springframework.web.client.RestTemplate.execute(RestTemplate.java:790) ~[spring-web-6.1.12.jar:6.1.12]
	at org.springframework.web.client.RestTemplate.getForEntity(RestTemplate.java:431) ~[spring-web-6.1.12.jar:6.1.12]
	at TrelloService.getUserBoards(TrelloApiService.java:38) ~[classes/:na]
	at TrelloController.getBoards(TrelloApiController.java:20) ~[classes/:na]
	at java.base/jdk.internal.reflect.NativeMethodAccessorImpl.invoke0(Native Method) ~[na:na]
	at java.base/jdk.internal.reflect.NativeMethodAccessorImpl.invoke(NativeMethodAccessorImpl.java:77) ~[na:na]
	at java.base/jdk.internal.reflect.DelegatingMethodAccessorImpl.invoke(DelegatingMethodAccessorImpl.java:43) ~[na:na]
	at java.base/java.lang.reflect.Method.invoke(Method.java:568) ~[na:na]
	at org.springframework.web.method.support.InvocableHandlerMethod.doInvoke(InvocableHandlerMethod.java:255) ~[spring-web-6.1.12.jar:6.1.12]
	at org.springframework.web.method.support.InvocableHandlerMethod.invokeForRequest(InvocableHandlerMethod.java:188) ~[spring-web-6.1.12.jar:6.1.12]
	at org.springframework.web.servlet.mvc.method.annotation.ServletInvocableHandlerMethod.invokeAndHandle(ServletInvocableHandlerMethod.java:118) ~[spring-webmvc-6.1.12.jar:6.1.12]
	at org.springframework.web.servlet.mvc.method.annotation.RequestMappingHandlerAdapter.invokeHandlerMethod(RequestMappingHandlerAdapter.java:926) ~[spring-webmvc-6.1.12.jar:6.1.12]
	at org.springframework.web.servlet.mvc.method.annotation.RequestMappingHandlerAdapter.handleInternal(RequestMappingHandlerAdapter.java:831) ~[spring-webmvc-6.1.12.jar:6.1.12]
	at org.springframework.web.servlet.mvc.method.AbstractHandlerMethodAdapter.handle(AbstractHandlerMethodAdapter.java:87) ~[spring-webmvc-6.1.12.jar:6.1.12]
	at org.springframework.web.servlet.DispatcherServlet.doDispatch(DispatcherServlet.java:1089) ~[spring-webmvc-6.1.12.jar:6.1.12]
	at org.springframework.web.servlet.DispatcherServlet.doService(DispatcherServlet.java:979) ~[spring-webmvc-6.1.12.jar:6.1.12]
	at org.springframework.web.servlet.FrameworkServlet.processRequest(FrameworkServlet.java:1014) ~[spring-webmvc-6.1.12.jar:6.1.12]
	at org.springframework.web.servlet.FrameworkServlet.doGet(FrameworkServlet.java:903) ~[spring-webmvc-6.1.12.jar:6.1.12]
	at jakarta.servlet.http.HttpServlet.service(HttpServlet.java:564) ~[tomcat-embed-core-10.1.28.jar:6.0]
	at org.springframework.web.servlet.FrameworkServlet.service(FrameworkServlet.java:885) ~[spring-webmvc-6.1.12.jar:6.1.12]
	at jakarta.servlet.http.HttpServlet.service(HttpServlet.java:658) ~[tomcat-embed-core-10.1.28.jar:6.0]
	at org.apache.catalina.core.ApplicationFilterChain.internalDoFilter(ApplicationFilterChain.java:195) ~[tomcat-embed-core-10.1.28.jar:10.1.28]
	at org.apache.catalina.core.ApplicationFilterChain.doFilter(ApplicationFilterChain.java:140) ~[tomcat-embed-core-10.1.28.jar:10.1.28]
	at org.apache.tomcat.websocket.server.WsFilter.doFilter(WsFilter.java:51) ~[tomcat-embed-websocket-10.1.28.jar:10.1.28]
	at org.apache.catalina.core.ApplicationFilterChain.internalDoFilter(ApplicationFilterChain.java:164) ~[tomcat-embed-core-10.1.28.jar:10.1.28]
	at org.apache.catalina.core.ApplicationFilterChain.doFilter(ApplicationFilterChain.java:140) ~[tomcat-embed-core-10.1.28.jar:10.1.28]
	at org.springframework.web.filter.RequestContextFilter.doFilterInternal(RequestContextFilter.java:100) ~[spring-web-6.1.12.jar:6.1.12]
	at org.springframework.web.filter.OncePerRequestFilter.doFilter(OncePerRequestFilter.java:116) ~[spring-web-6.1.12.jar:6.1.12]
	at org.apache.catalina.core.ApplicationFilterChain.internalDoFilter(ApplicationFilterChain.java:164) ~[tomcat-embed-core-10.1.28.jar:10.1.28]
	at org.apache.catalina.core.ApplicationFilterChain.doFilter(ApplicationFilterChain.java:140) ~[tomcat-embed-core-10.1.28.jar:10.1.28]
	at org.springframework.web.filter.FormContentFilter.doFilterInternal(FormContentFilter.java:93) ~[spring-web-6.1.12.jar:6.1.12]
	at org.springframework.web.filter.OncePerRequestFilter.doFilter(OncePerRequestFilter.java:116) ~[spring-web-6.1.12.jar:6.1.12]
	at org.apache.catalina.core.ApplicationFilterChain.internalDoFilter(ApplicationFilterChain.java:164) ~[tomcat-embed-core-10.1.28.jar:10.1.28]
	at org.apache.catalina.core.ApplicationFilterChain.doFilter(ApplicationFilterChain.java:140) ~[tomcat-embed-core-10.1.28.jar:10.1.28]
	at org.springframework.web.filter.CharacterEncodingFilter.doFilterInternal(CharacterEncodingFilter.java:201) ~[spring-web-6.1.12.jar:6.1.12]
	at org.springframework.web.filter.OncePerRequestFilter.doFilter(OncePerRequestFilter.java:116) ~[spring-web-6.1.12.jar:6.1.12]
	at org.apache.catalina.core.ApplicationFilterChain.internalDoFilter(ApplicationFilterChain.java:164) ~[tomcat-embed-core-10.1.28.jar:10.1.28]
	at org.apache.catalina.core.ApplicationFilterChain.doFilter(ApplicationFilterChain.java:140) ~[tomcat-embed-core-10.1.28.jar:10.1.28]
	at org.apache.catalina.core.StandardWrapperValve.invoke(StandardWrapperValve.java:167) ~[tomcat-embed-core-10.1.28.jar:10.1.28]
	at org.apache.catalina.core.StandardContextValve.invoke(StandardContextValve.java:90) ~[tomcat-embed-core-10.1.28.jar:10.1.28]
	at org.apache.catalina.authenticator.AuthenticatorBase.invoke(AuthenticatorBase.java:483) ~[tomcat-embed-core-10.1.28.jar:10.1.28]
	at org.apache.catalina.core.StandardHostValve.invoke(StandardHostValve.java:115) ~[tomcat-embed-core-10.1.28.jar:10.1.28]
	at org.apache.catalina.valves.ErrorReportValve.invoke(ErrorReportValve.java:93) ~[tomcat-embed-core-10.1.28.jar:10.1.28]
	at org.apache.catalina.core.StandardEngineValve.invoke(StandardEngineValve.java:74) ~[tomcat-embed-core-10.1.28.jar:10.1.28]
	at org.apache.catalina.connector.CoyoteAdapter.service(CoyoteAdapter.java:344) ~[tomcat-embed-core-10.1.28.jar:10.1.28]
	at org.apache.coyote.http11.Http11Processor.service(Http11Processor.java:384) ~[tomcat-embed-core-10.1.28.jar:10.1.28]
	at org.apache.coyote.AbstractProcessorLight.process(AbstractProcessorLight.java:63) ~[tomcat-embed-core-10.1.28.jar:10.1.28]
	at org.apache.coyote.AbstractProtocol$ConnectionHandler.process(AbstractProtocol.java:904) ~[tomcat-embed-core-10.1.28.jar:10.1.28]
	at org.apache.tomcat.util.net.NioEndpoint$SocketProcessor.doRun(NioEndpoint.java:1741) ~[tomcat-embed-core-10.1.28.jar:10.1.28]
	at org.apache.tomcat.util.net.SocketProcessorBase.run(SocketProcessorBase.java:52) ~[tomcat-embed-core-10.1.28.jar:10.1.28]
	at org.apache.tomcat.util.threads.ThreadPoolExecutor.runWorker(ThreadPoolExecutor.java:1190) ~[tomcat-embed-core-10.1.28.jar:10.1.28]
	at org.apache.tomcat.util.threads.ThreadPoolExecutor$Worker.run(ThreadPoolExecutor.java:659) ~[tomcat-embed-core-10.1.28.jar:10.1.28]
	at org.apache.tomcat.util.threads.TaskThread$WrappingRunnable.run(TaskThread.java:63) ~[tomcat-embed-core-10.1.28.jar:10.1.28]
	at java.base/java.lang.Thread.run(Thread.java:833) ~[na:na]

2024-09-19T13:21:50.130+02:00 DEBUG 6820 --- [cpt] [http-nio-8080-exec-3] o.s.web.servlet.DispatcherServlet        : "ERROR" dispatch for GET "/error", parameters={}
2024-09-19T13:21:50.134+02:00 DEBUG 6820 --- [cpt] [http-nio-8080-exec-3] s.w.s.m.m.a.RequestMappingHandlerMapping : Mapped to org.springframework.boot.autoconfigure.web.servlet.error.BasicErrorController#error(HttpServletRequest)
2024-09-19T13:21:50.164+02:00 DEBUG 6820 --- [cpt] [http-nio-8080-exec-3] o.s.w.s.m.m.a.HttpEntityMethodProcessor  : Using 'application/json', given [*/*] and supported [application/json, application/*+json]
2024-09-19T13:21:50.167+02:00 DEBUG 6820 --- [cpt] [http-nio-8080-exec-3] o.s.w.s.m.m.a.HttpEntityMethodProcessor  : Writing [{timestamp=Thu Sep 19 13:21:50 CEST 2024, status=500, error=Internal Server Error, path=/trello/boar (truncated)...]
2024-09-19T13:21:50.233+02:00 DEBUG 6820 --- [cpt] [http-nio-8080-exec-3] o.s.web.servlet.DispatcherServlet        : Exiting from "ERROR" dispatch, status 500
2024-09-19T13:22:18.000+02:00 DEBUG 19024 --- [cpt] [main] s.w.s.m.m.a.RequestMappingHandlerMapping : 3 mappings in 'requestMappingHandlerMapping'
2024-09-19T13:22:18.120+02:00 DEBUG 19024 --- [cpt] [main] o.s.w.s.handler.SimpleUrlHandlerMapping  : Patterns [/webjars/**, /**] in 'resourceHandlerMapping'
2024-09-19T13:22:18.174+02:00 DEBUG 19024 --- [cpt] [main] s.w.s.m.m.a.RequestMappingHandlerAdapter : ControllerAdvice beans: 0 @ModelAttribute, 0 @InitBinder, 1 RequestBodyAdvice, 1 ResponseBodyAdvice
2024-09-19T13:22:18.271+02:00 DEBUG 19024 --- [cpt] [main] .m.m.a.ExceptionHandlerExceptionResolver : ControllerAdvice beans: 0 @ExceptionHandler, 1 ResponseBodyAdvice
2024-09-19T13:22:21.425+02:00  INFO 19024 --- [cpt] [http-nio-8080-exec-2] o.s.web.servlet.DispatcherServlet        : Initializing Servlet 'dispatcherServlet'
2024-09-19T13:22:21.425+02:00 DEBUG 19024 --- [cpt] [http-nio-8080-exec-2] o.s.web.servlet.DispatcherServlet        : Detected StandardServletMultipartResolver
2024-09-19T13:22:21.425+02:00 DEBUG 19024 --- [cpt] [http-nio-8080-exec-2] o.s.web.servlet.DispatcherServlet        : Detected AcceptHeaderLocaleResolver
2024-09-19T13:22:21.425+02:00 DEBUG 19024 --- [cpt] [http-nio-8080-exec-2] o.s.web.servlet.DispatcherServlet        : Detected FixedThemeResolver
2024-09-19T13:22:21.426+02:00 DEBUG 19024 --- [cpt] [http-nio-8080-exec-2] o.s.web.servlet.DispatcherServlet        : Detected org.springframework.web.servlet.view.DefaultRequestToViewNameTranslator@4c05ae08
2024-09-19T13:22:21.427+02:00 DEBUG 19024 --- [cpt] [http-nio-8080-exec-2] o.s.web.servlet.DispatcherServlet        : Detected org.springframework.web.servlet.support.SessionFlashMapManager@7812b61b
2024-09-19T13:22:21.427+02:00 DEBUG 19024 --- [cpt] [http-nio-8080-exec-2] o.s.web.servlet.DispatcherServlet        : enableLoggingRequestDetails='false': request parameters and headers will be masked to prevent unsafe logging of potentially sensitive cardActionDataModel
2024-09-19T13:22:21.428+02:00  INFO 19024 --- [cpt] [http-nio-8080-exec-2] o.s.web.servlet.DispatcherServlet        : Completed initialization in 3 ms
2024-09-19T13:22:21.447+02:00 DEBUG 19024 --- [cpt] [http-nio-8080-exec-2] o.s.web.servlet.DispatcherServlet        : GET "/trello/boards", parameters={}
2024-09-19T13:22:21.470+02:00 DEBUG 19024 --- [cpt] [http-nio-8080-exec-2] s.w.s.m.m.a.RequestMappingHandlerMapping : Mapped to TrelloController#getBoards()
2024-09-19T13:22:21.723+02:00 DEBUG 19024 --- [cpt] [http-nio-8080-exec-2] o.s.web.client.RestTemplate              : HTTP GET https://api.trello.com/1/members/me/boards?key=16adcba3e4f025a47f0db82116772a7b&token=ATTA20a016cb746108b3c4e6bbc0bd5cd88d7f8b7ca58ea59655782df8fbda689a438E397AFB
2024-09-19T13:22:21.741+02:00 DEBUG 19024 --- [cpt] [http-nio-8080-exec-2] o.s.web.client.RestTemplate              : Accept=[text/plain, application/json, application/*+json, */*]
2024-09-19T13:22:22.297+02:00 DEBUG 19024 --- [cpt] [http-nio-8080-exec-2] o.s.web.client.RestTemplate              : Response 200 OK
2024-09-19T13:22:22.300+02:00 DEBUG 19024 --- [cpt] [http-nio-8080-exec-2] o.s.web.client.RestTemplate              : Reading to [java.lang.String] as "application/json;charset=utf-8"
2024-09-19T13:22:22.318+02:00 DEBUG 19024 --- [cpt] [http-nio-8080-exec-2] m.m.a.RequestResponseBodyMethodProcessor : Using 'text/plain', given [*/*] and supported [text/plain, */*, application/json, application/*+json]
2024-09-19T13:22:22.319+02:00 DEBUG 19024 --- [cpt] [http-nio-8080-exec-2] m.m.a.RequestResponseBodyMethodProcessor : Writing ["[{"id":"66e7d8a7f2b3606e42ccc7ea","nodeId":"ari:cloud:trello::board/workspace/5fd22792274c302ff25569 (truncated)..."]
2024-09-19T13:22:22.338+02:00 DEBUG 19024 --- [cpt] [http-nio-8080-exec-2] o.s.web.servlet.DispatcherServlet        : Completed 200 OK
2024-09-19T13:24:06.051+02:00 DEBUG 6680 --- [cpt] [main] s.w.s.m.m.a.RequestMappingHandlerMapping : 4 mappings in 'requestMappingHandlerMapping'
2024-09-19T13:24:06.181+02:00 DEBUG 6680 --- [cpt] [main] o.s.w.s.handler.SimpleUrlHandlerMapping  : Patterns [/webjars/**, /**] in 'resourceHandlerMapping'
2024-09-19T13:24:06.235+02:00 DEBUG 6680 --- [cpt] [main] s.w.s.m.m.a.RequestMappingHandlerAdapter : ControllerAdvice beans: 0 @ModelAttribute, 0 @InitBinder, 1 RequestBodyAdvice, 1 ResponseBodyAdvice
2024-09-19T13:24:06.293+02:00 DEBUG 6680 --- [cpt] [main] .m.m.a.ExceptionHandlerExceptionResolver : ControllerAdvice beans: 0 @ExceptionHandler, 1 ResponseBodyAdvice
2024-09-19T13:24:51.848+02:00 DEBUG 372 --- [cpt] [main] s.w.s.m.m.a.RequestMappingHandlerMapping : 3 mappings in 'requestMappingHandlerMapping'
2024-09-19T13:24:51.967+02:00 DEBUG 372 --- [cpt] [main] o.s.w.s.handler.SimpleUrlHandlerMapping  : Patterns [/webjars/**, /**] in 'resourceHandlerMapping'
2024-09-19T13:24:52.023+02:00 DEBUG 372 --- [cpt] [main] s.w.s.m.m.a.RequestMappingHandlerAdapter : ControllerAdvice beans: 0 @ModelAttribute, 0 @InitBinder, 1 RequestBodyAdvice, 1 ResponseBodyAdvice
2024-09-19T13:24:52.085+02:00 DEBUG 372 --- [cpt] [main] .m.m.a.ExceptionHandlerExceptionResolver : ControllerAdvice beans: 0 @ExceptionHandler, 1 ResponseBodyAdvice
2024-09-19T13:25:01.249+02:00  INFO 372 --- [cpt] [http-nio-8080-exec-1] o.s.web.servlet.DispatcherServlet        : Initializing Servlet 'dispatcherServlet'
2024-09-19T13:25:01.250+02:00 DEBUG 372 --- [cpt] [http-nio-8080-exec-1] o.s.web.servlet.DispatcherServlet        : Detected StandardServletMultipartResolver
2024-09-19T13:25:01.250+02:00 DEBUG 372 --- [cpt] [http-nio-8080-exec-1] o.s.web.servlet.DispatcherServlet        : Detected AcceptHeaderLocaleResolver
2024-09-19T13:25:01.250+02:00 DEBUG 372 --- [cpt] [http-nio-8080-exec-1] o.s.web.servlet.DispatcherServlet        : Detected FixedThemeResolver
2024-09-19T13:25:01.251+02:00 DEBUG 372 --- [cpt] [http-nio-8080-exec-1] o.s.web.servlet.DispatcherServlet        : Detected org.springframework.web.servlet.view.DefaultRequestToViewNameTranslator@2411e26d
2024-09-19T13:25:01.252+02:00 DEBUG 372 --- [cpt] [http-nio-8080-exec-1] o.s.web.servlet.DispatcherServlet        : Detected org.springframework.web.servlet.support.SessionFlashMapManager@24552173
2024-09-19T13:25:01.253+02:00 DEBUG 372 --- [cpt] [http-nio-8080-exec-1] o.s.web.servlet.DispatcherServlet        : enableLoggingRequestDetails='false': request parameters and headers will be masked to prevent unsafe logging of potentially sensitive cardActionDataModel
2024-09-19T13:25:01.253+02:00  INFO 372 --- [cpt] [http-nio-8080-exec-1] o.s.web.servlet.DispatcherServlet        : Completed initialization in 3 ms
2024-09-19T13:25:01.269+02:00 DEBUG 372 --- [cpt] [http-nio-8080-exec-1] o.s.web.servlet.DispatcherServlet        : GET "/trello/boards", parameters={}
2024-09-19T13:25:01.291+02:00 DEBUG 372 --- [cpt] [http-nio-8080-exec-1] s.w.s.m.m.a.RequestMappingHandlerMapping : Mapped to TrelloController#getBoards()
2024-09-19T13:25:01.500+02:00 DEBUG 372 --- [cpt] [http-nio-8080-exec-1] o.s.web.client.RestTemplate              : HTTP GET https://api.trello.com/1/members/me/boards?key=16adcba3e4f025a47f0db82116772a7b&token=ATTA20a016cb746108b3c4e6bbc0bd5cd88d7f8b7ca58ea59655782df8fbda689a438E397AFB
2024-09-19T13:25:01.518+02:00 DEBUG 372 --- [cpt] [http-nio-8080-exec-1] o.s.web.client.RestTemplate              : Accept=[text/plain, application/json, application/*+json, */*]
2024-09-19T13:25:02.114+02:00 DEBUG 372 --- [cpt] [http-nio-8080-exec-1] o.s.web.client.RestTemplate              : Response 200 OK
2024-09-19T13:25:02.116+02:00 DEBUG 372 --- [cpt] [http-nio-8080-exec-1] o.s.web.client.RestTemplate              : Reading to [java.lang.String] as "application/json;charset=utf-8"
2024-09-19T13:25:02.137+02:00 DEBUG 372 --- [cpt] [http-nio-8080-exec-1] m.m.a.RequestResponseBodyMethodProcessor : Using 'text/plain', given [*/*] and supported [text/plain, */*, application/json, application/*+json]
2024-09-19T13:25:02.144+02:00 DEBUG 372 --- [cpt] [http-nio-8080-exec-1] m.m.a.RequestResponseBodyMethodProcessor : Writing ["[{"id":"66e7d8a7f2b3606e42ccc7ea","nodeId":"ari:cloud:trello::board/workspace/5fd22792274c302ff25569 (truncated)..."]
2024-09-19T13:25:02.165+02:00 DEBUG 372 --- [cpt] [http-nio-8080-exec-1] o.s.web.servlet.DispatcherServlet        : Completed 200 OK
2024-09-19T13:25:29.649+02:00 DEBUG 10416 --- [cpt] [main] s.w.s.m.m.a.RequestMappingHandlerMapping : 4 mappings in 'requestMappingHandlerMapping'
2024-09-19T13:25:29.779+02:00 DEBUG 10416 --- [cpt] [main] o.s.w.s.handler.SimpleUrlHandlerMapping  : Patterns [/webjars/**, /**] in 'resourceHandlerMapping'
2024-09-19T13:25:29.831+02:00 DEBUG 10416 --- [cpt] [main] s.w.s.m.m.a.RequestMappingHandlerAdapter : ControllerAdvice beans: 0 @ModelAttribute, 0 @InitBinder, 1 RequestBodyAdvice, 1 ResponseBodyAdvice
2024-09-19T13:25:29.922+02:00 DEBUG 10416 --- [cpt] [main] .m.m.a.ExceptionHandlerExceptionResolver : ControllerAdvice beans: 0 @ExceptionHandler, 1 ResponseBodyAdvice
2024-09-19T13:25:41.671+02:00  INFO 10416 --- [cpt] [http-nio-8080-exec-2] o.s.web.servlet.DispatcherServlet        : Initializing Servlet 'dispatcherServlet'
2024-09-19T13:25:41.671+02:00 DEBUG 10416 --- [cpt] [http-nio-8080-exec-2] o.s.web.servlet.DispatcherServlet        : Detected StandardServletMultipartResolver
2024-09-19T13:25:41.671+02:00 DEBUG 10416 --- [cpt] [http-nio-8080-exec-2] o.s.web.servlet.DispatcherServlet        : Detected AcceptHeaderLocaleResolver
2024-09-19T13:25:41.672+02:00 DEBUG 10416 --- [cpt] [http-nio-8080-exec-2] o.s.web.servlet.DispatcherServlet        : Detected FixedThemeResolver
2024-09-19T13:25:41.673+02:00 DEBUG 10416 --- [cpt] [http-nio-8080-exec-2] o.s.web.servlet.DispatcherServlet        : Detected org.springframework.web.servlet.view.DefaultRequestToViewNameTranslator@a2a51bf
2024-09-19T13:25:41.674+02:00 DEBUG 10416 --- [cpt] [http-nio-8080-exec-2] o.s.web.servlet.DispatcherServlet        : Detected org.springframework.web.servlet.support.SessionFlashMapManager@76080ee5
2024-09-19T13:25:41.674+02:00 DEBUG 10416 --- [cpt] [http-nio-8080-exec-2] o.s.web.servlet.DispatcherServlet        : enableLoggingRequestDetails='false': request parameters and headers will be masked to prevent unsafe logging of potentially sensitive cardActionDataModel
2024-09-19T13:25:41.675+02:00  INFO 10416 --- [cpt] [http-nio-8080-exec-2] o.s.web.servlet.DispatcherServlet        : Completed initialization in 4 ms
2024-09-19T13:25:41.692+02:00 DEBUG 10416 --- [cpt] [http-nio-8080-exec-2] o.s.web.servlet.DispatcherServlet        : GET "/", parameters={}
2024-09-19T13:25:41.708+02:00 DEBUG 10416 --- [cpt] [http-nio-8080-exec-2] s.w.s.m.m.a.RequestMappingHandlerMapping : Mapped to TrelloController#Home()
2024-09-19T13:25:41.758+02:00 DEBUG 10416 --- [cpt] [http-nio-8080-exec-2] m.m.a.RequestResponseBodyMethodProcessor : Using 'text/plain', given [*/*] and supported [text/plain, */*, application/json, application/*+json]
2024-09-19T13:25:41.759+02:00 DEBUG 10416 --- [cpt] [http-nio-8080-exec-2] m.m.a.RequestResponseBodyMethodProcessor : Writing ["Hello Home"]
2024-09-19T13:25:41.770+02:00 DEBUG 10416 --- [cpt] [http-nio-8080-exec-2] o.s.web.servlet.DispatcherServlet        : Completed 200 OK
2024-09-19T13:33:12.077+02:00 DEBUG 19392 --- [cpt] [main] s.w.s.m.m.a.RequestMappingHandlerMapping : 5 mappings in 'requestMappingHandlerMapping'
2024-09-19T13:33:12.188+02:00 DEBUG 19392 --- [cpt] [main] o.s.w.s.handler.SimpleUrlHandlerMapping  : Patterns [/webjars/**, /**] in 'resourceHandlerMapping'
2024-09-19T13:33:12.244+02:00 DEBUG 19392 --- [cpt] [main] s.w.s.m.m.a.RequestMappingHandlerAdapter : ControllerAdvice beans: 0 @ModelAttribute, 0 @InitBinder, 1 RequestBodyAdvice, 1 ResponseBodyAdvice
2024-09-19T13:33:12.321+02:00 DEBUG 19392 --- [cpt] [main] .m.m.a.ExceptionHandlerExceptionResolver : ControllerAdvice beans: 0 @ExceptionHandler, 1 ResponseBodyAdvice
2024-09-19T13:33:40.984+02:00  INFO 19392 --- [cpt] [http-nio-8080-exec-2] o.s.web.servlet.DispatcherServlet        : Initializing Servlet 'dispatcherServlet'
2024-09-19T13:33:40.984+02:00 DEBUG 19392 --- [cpt] [http-nio-8080-exec-2] o.s.web.servlet.DispatcherServlet        : Detected StandardServletMultipartResolver
2024-09-19T13:33:40.984+02:00 DEBUG 19392 --- [cpt] [http-nio-8080-exec-2] o.s.web.servlet.DispatcherServlet        : Detected AcceptHeaderLocaleResolver
2024-09-19T13:33:40.985+02:00 DEBUG 19392 --- [cpt] [http-nio-8080-exec-2] o.s.web.servlet.DispatcherServlet        : Detected FixedThemeResolver
2024-09-19T13:33:40.986+02:00 DEBUG 19392 --- [cpt] [http-nio-8080-exec-2] o.s.web.servlet.DispatcherServlet        : Detected org.springframework.web.servlet.view.DefaultRequestToViewNameTranslator@12592468
2024-09-19T13:33:40.987+02:00 DEBUG 19392 --- [cpt] [http-nio-8080-exec-2] o.s.web.servlet.DispatcherServlet        : Detected org.springframework.web.servlet.support.SessionFlashMapManager@44f8f431
2024-09-19T13:33:40.988+02:00 DEBUG 19392 --- [cpt] [http-nio-8080-exec-2] o.s.web.servlet.DispatcherServlet        : enableLoggingRequestDetails='false': request parameters and headers will be masked to prevent unsafe logging of potentially sensitive cardActionDataModel
2024-09-19T13:33:40.988+02:00  INFO 19392 --- [cpt] [http-nio-8080-exec-2] o.s.web.servlet.DispatcherServlet        : Completed initialization in 4 ms
2024-09-19T13:33:41.007+02:00 DEBUG 19392 --- [cpt] [http-nio-8080-exec-2] o.s.web.servlet.DispatcherServlet        : GET "/trello/boards/cards", parameters={}
2024-09-19T13:33:41.028+02:00 DEBUG 19392 --- [cpt] [http-nio-8080-exec-2] s.w.s.m.m.a.RequestMappingHandlerMapping : Mapped to TrelloController#getALlCardsOfBoard()
2024-09-19T13:33:41.280+02:00 DEBUG 19392 --- [cpt] [http-nio-8080-exec-2] o.s.web.client.RestTemplate              : HTTP GET https://api.trello.com/1/boards/66e7d8a7f2b3606e42ccc7ea/cards?key=16adcba3e4f025a47f0db82116772a7b&token=ATTA20a016cb746108b3c4e6bbc0bd5cd88d7f8b7ca58ea59655782df8fbda689a438E397AFB
2024-09-19T13:33:41.304+02:00 DEBUG 19392 --- [cpt] [http-nio-8080-exec-2] o.s.web.client.RestTemplate              : Accept=[text/plain, application/json, application/*+json, */*]
2024-09-19T13:33:41.886+02:00 DEBUG 19392 --- [cpt] [http-nio-8080-exec-2] o.s.web.client.RestTemplate              : Response 200 OK
2024-09-19T13:33:41.889+02:00 DEBUG 19392 --- [cpt] [http-nio-8080-exec-2] o.s.web.client.RestTemplate              : Reading to [java.lang.String] as "application/json;charset=utf-8"
2024-09-19T13:33:41.926+02:00 DEBUG 19392 --- [cpt] [http-nio-8080-exec-2] m.m.a.RequestResponseBodyMethodProcessor : Using 'text/plain', given [*/*] and supported [text/plain, */*, application/json, application/*+json]
2024-09-19T13:33:41.928+02:00 DEBUG 19392 --- [cpt] [http-nio-8080-exec-2] m.m.a.RequestResponseBodyMethodProcessor : Writing ["[{"id":"66e7d8d8ae0129335f478850","badges":{"attachmentsByType":{"trello":{"board":0,"card":0}},"ext (truncated)..."]
2024-09-19T13:33:41.943+02:00 DEBUG 19392 --- [cpt] [http-nio-8080-exec-2] o.s.web.servlet.DispatcherServlet        : Completed 200 OK
2024-09-19T13:40:24.476+02:00 DEBUG 13020 --- [cpt] [main] s.w.s.m.m.a.RequestMappingHandlerMapping : 6 mappings in 'requestMappingHandlerMapping'
2024-09-19T13:40:24.600+02:00 DEBUG 13020 --- [cpt] [main] o.s.w.s.handler.SimpleUrlHandlerMapping  : Patterns [/webjars/**, /**] in 'resourceHandlerMapping'
2024-09-19T13:40:24.649+02:00 DEBUG 13020 --- [cpt] [main] s.w.s.m.m.a.RequestMappingHandlerAdapter : ControllerAdvice beans: 0 @ModelAttribute, 0 @InitBinder, 1 RequestBodyAdvice, 1 ResponseBodyAdvice
2024-09-19T13:40:24.734+02:00 DEBUG 13020 --- [cpt] [main] .m.m.a.ExceptionHandlerExceptionResolver : ControllerAdvice beans: 0 @ExceptionHandler, 1 ResponseBodyAdvice
2024-09-19T13:41:01.115+02:00  INFO 13020 --- [cpt] [http-nio-8080-exec-1] o.s.web.servlet.DispatcherServlet        : Initializing Servlet 'dispatcherServlet'
2024-09-19T13:41:01.116+02:00 DEBUG 13020 --- [cpt] [http-nio-8080-exec-1] o.s.web.servlet.DispatcherServlet        : Detected StandardServletMultipartResolver
2024-09-19T13:41:01.116+02:00 DEBUG 13020 --- [cpt] [http-nio-8080-exec-1] o.s.web.servlet.DispatcherServlet        : Detected AcceptHeaderLocaleResolver
2024-09-19T13:41:01.116+02:00 DEBUG 13020 --- [cpt] [http-nio-8080-exec-1] o.s.web.servlet.DispatcherServlet        : Detected FixedThemeResolver
2024-09-19T13:41:01.117+02:00 DEBUG 13020 --- [cpt] [http-nio-8080-exec-1] o.s.web.servlet.DispatcherServlet        : Detected org.springframework.web.servlet.view.DefaultRequestToViewNameTranslator@cc317fc
2024-09-19T13:41:01.118+02:00 DEBUG 13020 --- [cpt] [http-nio-8080-exec-1] o.s.web.servlet.DispatcherServlet        : Detected org.springframework.web.servlet.support.SessionFlashMapManager@5857e1db
2024-09-19T13:41:01.119+02:00 DEBUG 13020 --- [cpt] [http-nio-8080-exec-1] o.s.web.servlet.DispatcherServlet        : enableLoggingRequestDetails='false': request parameters and headers will be masked to prevent unsafe logging of potentially sensitive cardActionDataModel
2024-09-19T13:41:01.119+02:00  INFO 13020 --- [cpt] [http-nio-8080-exec-1] o.s.web.servlet.DispatcherServlet        : Completed initialization in 4 ms
2024-09-19T13:41:01.140+02:00 DEBUG 13020 --- [cpt] [http-nio-8080-exec-1] o.s.web.servlet.DispatcherServlet        : GET "/trello/boards/cards/checklists", parameters={}
2024-09-19T13:41:01.162+02:00 DEBUG 13020 --- [cpt] [http-nio-8080-exec-1] s.w.s.m.m.a.RequestMappingHandlerMapping : Mapped to TrelloController#getAllChecklistsOfCard()
2024-09-19T13:41:01.412+02:00 DEBUG 13020 --- [cpt] [http-nio-8080-exec-1] o.s.web.client.RestTemplate              : HTTP GET https://api.trello.com/1/cards/66e7d8d8ae0129335f478850/checklists?key=16adcba3e4f025a47f0db82116772a7b&token=ATTA20a016cb746108b3c4e6bbc0bd5cd88d7f8b7ca58ea59655782df8fbda689a438E397AFB
2024-09-19T13:41:01.430+02:00 DEBUG 13020 --- [cpt] [http-nio-8080-exec-1] o.s.web.client.RestTemplate              : Accept=[text/plain, application/json, application/*+json, */*]
2024-09-19T13:41:02.058+02:00 DEBUG 13020 --- [cpt] [http-nio-8080-exec-1] o.s.web.client.RestTemplate              : Response 200 OK
2024-09-19T13:41:02.060+02:00 DEBUG 13020 --- [cpt] [http-nio-8080-exec-1] o.s.web.client.RestTemplate              : Reading to [java.lang.String] as "application/json;charset=utf-8"
2024-09-19T13:41:02.080+02:00 DEBUG 13020 --- [cpt] [http-nio-8080-exec-1] m.m.a.RequestResponseBodyMethodProcessor : Using 'text/plain', given [*/*] and supported [text/plain, */*, application/json, application/*+json]
2024-09-19T13:41:02.080+02:00 DEBUG 13020 --- [cpt] [http-nio-8080-exec-1] m.m.a.RequestResponseBodyMethodProcessor : Writing ["[{"id":"66e7dce45c21abf08e2cfb1e","name":"Create_table","idBoard":"66e7d8a7f2b3606e42ccc7ea","idCard (truncated)..."]
2024-09-19T13:41:02.104+02:00 DEBUG 13020 --- [cpt] [http-nio-8080-exec-1] o.s.web.servlet.DispatcherServlet        : Completed 200 OK
2024-09-19T13:48:01.067+02:00 DEBUG 10148 --- [cpt] [main] s.w.s.m.m.a.RequestMappingHandlerMapping : 7 mappings in 'requestMappingHandlerMapping'
2024-09-19T13:48:01.253+02:00 DEBUG 10148 --- [cpt] [main] o.s.w.s.handler.SimpleUrlHandlerMapping  : Patterns [/webjars/**, /**] in 'resourceHandlerMapping'
2024-09-19T13:48:01.315+02:00 DEBUG 10148 --- [cpt] [main] s.w.s.m.m.a.RequestMappingHandlerAdapter : ControllerAdvice beans: 0 @ModelAttribute, 0 @InitBinder, 1 RequestBodyAdvice, 1 ResponseBodyAdvice
2024-09-19T13:48:01.406+02:00 DEBUG 10148 --- [cpt] [main] .m.m.a.ExceptionHandlerExceptionResolver : ControllerAdvice beans: 0 @ExceptionHandler, 1 ResponseBodyAdvice
2024-09-19T13:48:35.886+02:00  INFO 10148 --- [cpt] [http-nio-8080-exec-2] o.s.web.servlet.DispatcherServlet        : Initializing Servlet 'dispatcherServlet'
2024-09-19T13:48:35.887+02:00 DEBUG 10148 --- [cpt] [http-nio-8080-exec-2] o.s.web.servlet.DispatcherServlet        : Detected StandardServletMultipartResolver
2024-09-19T13:48:35.887+02:00 DEBUG 10148 --- [cpt] [http-nio-8080-exec-2] o.s.web.servlet.DispatcherServlet        : Detected AcceptHeaderLocaleResolver
2024-09-19T13:48:35.887+02:00 DEBUG 10148 --- [cpt] [http-nio-8080-exec-2] o.s.web.servlet.DispatcherServlet        : Detected FixedThemeResolver
2024-09-19T13:48:35.893+02:00 DEBUG 10148 --- [cpt] [http-nio-8080-exec-2] o.s.web.servlet.DispatcherServlet        : Detected org.springframework.web.servlet.view.DefaultRequestToViewNameTranslator@51760f16
2024-09-19T13:48:35.894+02:00 DEBUG 10148 --- [cpt] [http-nio-8080-exec-2] o.s.web.servlet.DispatcherServlet        : Detected org.springframework.web.servlet.support.SessionFlashMapManager@45e2322b
2024-09-19T13:48:35.894+02:00 DEBUG 10148 --- [cpt] [http-nio-8080-exec-2] o.s.web.servlet.DispatcherServlet        : enableLoggingRequestDetails='false': request parameters and headers will be masked to prevent unsafe logging of potentially sensitive cardActionDataModel
2024-09-19T13:48:35.895+02:00  INFO 10148 --- [cpt] [http-nio-8080-exec-2] o.s.web.servlet.DispatcherServlet        : Completed initialization in 7 ms
2024-09-19T13:48:35.907+02:00 DEBUG 10148 --- [cpt] [http-nio-8080-exec-2] o.s.web.servlet.DispatcherServlet        : GET "/trello/boards/cards/checklists", parameters={}
2024-09-19T13:48:35.925+02:00 DEBUG 10148 --- [cpt] [http-nio-8080-exec-2] s.w.s.m.m.a.RequestMappingHandlerMapping : Mapped to TrelloController#getAllChecklistsOfCard()
2024-09-19T13:48:36.235+02:00 DEBUG 10148 --- [cpt] [http-nio-8080-exec-2] o.s.web.client.RestTemplate              : HTTP GET https://api.trello.com/1/cards/66e7d8d8ae0129335f478850/checklists?key=16adcba3e4f025a47f0db82116772a7b&token=ATTA20a016cb746108b3c4e6bbc0bd5cd88d7f8b7ca58ea59655782df8fbda689a438E397AFB
2024-09-19T13:48:36.262+02:00 DEBUG 10148 --- [cpt] [http-nio-8080-exec-2] o.s.web.client.RestTemplate              : Accept=[text/plain, application/json, application/*+json, */*]
2024-09-19T13:48:36.885+02:00 DEBUG 10148 --- [cpt] [http-nio-8080-exec-2] o.s.web.client.RestTemplate              : Response 200 OK
2024-09-19T13:48:36.887+02:00 DEBUG 10148 --- [cpt] [http-nio-8080-exec-2] o.s.web.client.RestTemplate              : Reading to [java.lang.String] as "application/json;charset=utf-8"
2024-09-19T13:48:36.910+02:00 DEBUG 10148 --- [cpt] [http-nio-8080-exec-2] m.m.a.RequestResponseBodyMethodProcessor : Using 'text/plain', given [*/*] and supported [text/plain, */*, application/json, application/*+json]
2024-09-19T13:48:36.912+02:00 DEBUG 10148 --- [cpt] [http-nio-8080-exec-2] m.m.a.RequestResponseBodyMethodProcessor : Writing ["[{"id":"66e7dce45c21abf08e2cfb1e","name":"Create_table","idBoard":"66e7d8a7f2b3606e42ccc7ea","idCard (truncated)..."]
2024-09-19T13:48:36.926+02:00 DEBUG 10148 --- [cpt] [http-nio-8080-exec-2] o.s.web.servlet.DispatcherServlet        : Completed 200 OK
2024-09-19T13:48:51.531+02:00 DEBUG 10148 --- [cpt] [http-nio-8080-exec-3] o.s.web.servlet.DispatcherServlet        : GET "/trello/boards/cards/checklists/checkitems", parameters={}
2024-09-19T13:48:51.532+02:00 DEBUG 10148 --- [cpt] [http-nio-8080-exec-3] s.w.s.m.m.a.RequestMappingHandlerMapping : Mapped to TrelloController#getChecklistCheckItems()
2024-09-19T13:48:51.533+02:00 DEBUG 10148 --- [cpt] [http-nio-8080-exec-3] o.s.web.client.RestTemplate              : HTTP GET https://api.trello.com/1/checklists/66e7dce45c21abf08e2cfb1e/checkItemResponseEntities?key=16adcba3e4f025a47f0db82116772a7b&token=ATTA20a016cb746108b3c4e6bbc0bd5cd88d7f8b7ca58ea59655782df8fbda689a438E397AFB
2024-09-19T13:48:51.533+02:00 DEBUG 10148 --- [cpt] [http-nio-8080-exec-3] o.s.web.client.RestTemplate              : Accept=[text/plain, application/json, application/*+json, */*]
2024-09-19T13:48:51.783+02:00 DEBUG 10148 --- [cpt] [http-nio-8080-exec-3] o.s.web.client.RestTemplate              : Response 200 OK
2024-09-19T13:48:51.784+02:00 DEBUG 10148 --- [cpt] [http-nio-8080-exec-3] o.s.web.client.RestTemplate              : Reading to [java.lang.String] as "application/json;charset=utf-8"
2024-09-19T13:48:51.786+02:00 DEBUG 10148 --- [cpt] [http-nio-8080-exec-3] m.m.a.RequestResponseBodyMethodProcessor : Using 'text/plain', given [*/*] and supported [text/plain, */*, application/json, application/*+json]
2024-09-19T13:48:51.786+02:00 DEBUG 10148 --- [cpt] [http-nio-8080-exec-3] m.m.a.RequestResponseBodyMethodProcessor : Writing ["[{"id":"66e7dcf24447ebbc62462ceb","name":"Tlb_Users","nameData":{"emoji":{}},"pos":17060,"state":"co (truncated)..."]
2024-09-19T13:48:51.787+02:00 DEBUG 10148 --- [cpt] [http-nio-8080-exec-3] o.s.web.servlet.DispatcherServlet        : Completed 200 OK
2024-09-19T13:54:09.937+02:00 DEBUG 8992 --- [cpt] [main] s.w.s.m.m.a.RequestMappingHandlerMapping : 8 mappings in 'requestMappingHandlerMapping'
2024-09-19T13:54:10.062+02:00 DEBUG 8992 --- [cpt] [main] o.s.w.s.handler.SimpleUrlHandlerMapping  : Patterns [/webjars/**, /**] in 'resourceHandlerMapping'
2024-09-19T13:54:10.126+02:00 DEBUG 8992 --- [cpt] [main] s.w.s.m.m.a.RequestMappingHandlerAdapter : ControllerAdvice beans: 0 @ModelAttribute, 0 @InitBinder, 1 RequestBodyAdvice, 1 ResponseBodyAdvice
2024-09-19T13:54:10.236+02:00 DEBUG 8992 --- [cpt] [main] .m.m.a.ExceptionHandlerExceptionResolver : ControllerAdvice beans: 0 @ExceptionHandler, 1 ResponseBodyAdvice
2024-09-19T13:59:07.583+02:00  INFO 8992 --- [cpt] [http-nio-8080-exec-1] o.s.web.servlet.DispatcherServlet        : Initializing Servlet 'dispatcherServlet'
2024-09-19T13:59:07.584+02:00 DEBUG 8992 --- [cpt] [http-nio-8080-exec-1] o.s.web.servlet.DispatcherServlet        : Detected StandardServletMultipartResolver
2024-09-19T13:59:07.584+02:00 DEBUG 8992 --- [cpt] [http-nio-8080-exec-1] o.s.web.servlet.DispatcherServlet        : Detected AcceptHeaderLocaleResolver
2024-09-19T13:59:07.584+02:00 DEBUG 8992 --- [cpt] [http-nio-8080-exec-1] o.s.web.servlet.DispatcherServlet        : Detected FixedThemeResolver
2024-09-19T13:59:07.586+02:00 DEBUG 8992 --- [cpt] [http-nio-8080-exec-1] o.s.web.servlet.DispatcherServlet        : Detected org.springframework.web.servlet.view.DefaultRequestToViewNameTranslator@7d7ee4f3
2024-09-19T13:59:07.586+02:00 DEBUG 8992 --- [cpt] [http-nio-8080-exec-1] o.s.web.servlet.DispatcherServlet        : Detected org.springframework.web.servlet.support.SessionFlashMapManager@ac6622f
2024-09-19T13:59:07.587+02:00 DEBUG 8992 --- [cpt] [http-nio-8080-exec-1] o.s.web.servlet.DispatcherServlet        : enableLoggingRequestDetails='false': request parameters and headers will be masked to prevent unsafe logging of potentially sensitive cardActionDataModel
2024-09-19T13:59:07.587+02:00  INFO 8992 --- [cpt] [http-nio-8080-exec-1] o.s.web.servlet.DispatcherServlet        : Completed initialization in 3 ms
2024-09-19T13:59:07.607+02:00 DEBUG 8992 --- [cpt] [http-nio-8080-exec-1] o.s.web.servlet.DispatcherServlet        : GET "/trello/boards/cards/checklists/checkitems", parameters={}
2024-09-19T13:59:07.632+02:00 DEBUG 8992 --- [cpt] [http-nio-8080-exec-1] s.w.s.m.m.a.RequestMappingHandlerMapping : Mapped to TrelloController#getChecklistCheckItems()
2024-09-19T13:59:07.876+02:00 DEBUG 8992 --- [cpt] [http-nio-8080-exec-1] o.s.web.client.RestTemplate              : HTTP GET https://api.trello.com/1/checklists/66e7dce45c21abf08e2cfb1e/checkItemResponseEntities?key=16adcba3e4f025a47f0db82116772a7b&token=ATTA20a016cb746108b3c4e6bbc0bd5cd88d7f8b7ca58ea59655782df8fbda689a438E397AFB
2024-09-19T13:59:07.907+02:00 DEBUG 8992 --- [cpt] [http-nio-8080-exec-1] o.s.web.client.RestTemplate              : Accept=[text/plain, application/json, application/*+json, */*]
2024-09-19T13:59:08.498+02:00 DEBUG 8992 --- [cpt] [http-nio-8080-exec-1] o.s.web.client.RestTemplate              : Response 200 OK
2024-09-19T13:59:08.501+02:00 DEBUG 8992 --- [cpt] [http-nio-8080-exec-1] o.s.web.client.RestTemplate              : Reading to [java.lang.String] as "application/json;charset=utf-8"
2024-09-19T13:59:08.543+02:00 DEBUG 8992 --- [cpt] [http-nio-8080-exec-1] m.m.a.RequestResponseBodyMethodProcessor : Using 'text/plain', given [*/*] and supported [text/plain, */*, application/json, application/*+json]
2024-09-19T13:59:08.547+02:00 DEBUG 8992 --- [cpt] [http-nio-8080-exec-1] m.m.a.RequestResponseBodyMethodProcessor : Writing ["[{"id":"66e7dcf24447ebbc62462ceb","name":"Tlb_Users","nameData":{"emoji":{}},"pos":17060,"state":"co (truncated)..."]
2024-09-19T13:59:08.560+02:00 DEBUG 8992 --- [cpt] [http-nio-8080-exec-1] o.s.web.servlet.DispatcherServlet        : Completed 200 OK
2024-09-19T14:00:47.247+02:00 DEBUG 8992 --- [cpt] [http-nio-8080-exec-5] o.s.web.servlet.DispatcherServlet        : GET "/trello/boards/cards/checklists/checkItemResponseEntities", parameters={}
2024-09-19T14:00:47.253+02:00 DEBUG 8992 --- [cpt] [http-nio-8080-exec-5] o.s.w.s.handler.SimpleUrlHandlerMapping  : Mapped to ResourceHttpRequestHandler [classpath [META-INF/resources/], classpath [resources/], classpath [static/], classpath [public/], ServletContext [/]]
2024-09-19T14:00:47.256+02:00 DEBUG 8992 --- [cpt] [http-nio-8080-exec-5] o.s.w.s.r.ResourceHttpRequestHandler     : Resource not found
2024-09-19T14:00:47.261+02:00 DEBUG 8992 --- [cpt] [http-nio-8080-exec-5] .w.s.m.s.DefaultHandlerExceptionResolver : Resolved [org.springframework.web.servlet.resource.NoResourceFoundException: No static resource trello/boards/cards/checklists/checkItemResponseEntities.]
2024-09-19T14:00:47.261+02:00 DEBUG 8992 --- [cpt] [http-nio-8080-exec-5] o.s.web.servlet.DispatcherServlet        : Completed 404 NOT_FOUND
2024-09-19T14:00:47.269+02:00 DEBUG 8992 --- [cpt] [http-nio-8080-exec-5] o.s.web.servlet.DispatcherServlet        : "ERROR" dispatch for GET "/error", parameters={}
2024-09-19T14:00:47.270+02:00 DEBUG 8992 --- [cpt] [http-nio-8080-exec-5] s.w.s.m.m.a.RequestMappingHandlerMapping : Mapped to org.springframework.boot.autoconfigure.web.servlet.error.BasicErrorController#error(HttpServletRequest)
2024-09-19T14:00:47.297+02:00 DEBUG 8992 --- [cpt] [http-nio-8080-exec-5] o.s.w.s.m.m.a.HttpEntityMethodProcessor  : Using 'application/json', given [*/*] and supported [application/json, application/*+json]
2024-09-19T14:00:47.297+02:00 DEBUG 8992 --- [cpt] [http-nio-8080-exec-5] o.s.w.s.m.m.a.HttpEntityMethodProcessor  : Writing [{timestamp=Thu Sep 19 14:00:47 CEST 2024, status=404, error=Not Found, path=/trello/boards/cards/che (truncated)...]
2024-09-19T14:00:47.358+02:00 DEBUG 8992 --- [cpt] [http-nio-8080-exec-5] o.s.web.servlet.DispatcherServlet        : Exiting from "ERROR" dispatch, status 404
2024-09-19T14:01:05.612+02:00 DEBUG 8992 --- [cpt] [http-nio-8080-exec-6] o.s.web.servlet.DispatcherServlet        : GET "/trello/boards/cards/checklists/checkedItems", parameters={}
2024-09-19T14:01:05.614+02:00 DEBUG 8992 --- [cpt] [http-nio-8080-exec-6] s.w.s.m.m.a.RequestMappingHandlerMapping : Mapped to TrelloController#getChecklistCheckedItem()
2024-09-19T14:01:05.616+02:00 DEBUG 8992 --- [cpt] [http-nio-8080-exec-6] o.s.web.client.RestTemplate              : HTTP GET https://api.trello.com/1/cards/66e7d8d8ae0129335f478850/checkItemStates?key=16adcba3e4f025a47f0db82116772a7b&token=ATTA20a016cb746108b3c4e6bbc0bd5cd88d7f8b7ca58ea59655782df8fbda689a438E397AFB
2024-09-19T14:01:05.617+02:00 DEBUG 8992 --- [cpt] [http-nio-8080-exec-6] o.s.web.client.RestTemplate              : Accept=[text/plain, application/json, application/*+json, */*]
2024-09-19T14:01:05.924+02:00 DEBUG 8992 --- [cpt] [http-nio-8080-exec-6] o.s.web.client.RestTemplate              : Response 200 OK
2024-09-19T14:01:05.925+02:00 DEBUG 8992 --- [cpt] [http-nio-8080-exec-6] o.s.web.client.RestTemplate              : Reading to [java.lang.String] as "application/json;charset=utf-8"
2024-09-19T14:01:05.926+02:00 DEBUG 8992 --- [cpt] [http-nio-8080-exec-6] m.m.a.RequestResponseBodyMethodProcessor : Using 'text/plain', given [*/*] and supported [text/plain, */*, application/json, application/*+json]
2024-09-19T14:01:05.926+02:00 DEBUG 8992 --- [cpt] [http-nio-8080-exec-6] m.m.a.RequestResponseBodyMethodProcessor : Writing ["[{"idCheckItem":"66e7dcf24447ebbc62462ceb","state":"complete"}]"]
2024-09-19T14:01:05.927+02:00 DEBUG 8992 --- [cpt] [http-nio-8080-exec-6] o.s.web.servlet.DispatcherServlet        : Completed 200 OK
2024-09-19T14:06:07.942+02:00 DEBUG 8992 --- [cpt] [http-nio-8080-exec-9] o.s.web.servlet.DispatcherServlet        : GET "/trello/boards", parameters={}
2024-09-19T14:06:07.945+02:00 DEBUG 8992 --- [cpt] [http-nio-8080-exec-9] s.w.s.m.m.a.RequestMappingHandlerMapping : Mapped to TrelloController#getBoards()
2024-09-19T14:06:07.946+02:00 DEBUG 8992 --- [cpt] [http-nio-8080-exec-9] o.s.web.client.RestTemplate              : HTTP GET https://api.trello.com/1/members/me/boards?key=16adcba3e4f025a47f0db82116772a7b&token=ATTA20a016cb746108b3c4e6bbc0bd5cd88d7f8b7ca58ea59655782df8fbda689a438E397AFB
2024-09-19T14:06:07.947+02:00 DEBUG 8992 --- [cpt] [http-nio-8080-exec-9] o.s.web.client.RestTemplate              : Accept=[text/plain, application/json, application/*+json, */*]
2024-09-19T14:06:08.224+02:00 DEBUG 8992 --- [cpt] [http-nio-8080-exec-9] o.s.web.client.RestTemplate              : Response 200 OK
2024-09-19T14:06:08.224+02:00 DEBUG 8992 --- [cpt] [http-nio-8080-exec-9] o.s.web.client.RestTemplate              : Reading to [java.lang.String] as "application/json;charset=utf-8"
2024-09-19T14:06:08.225+02:00 DEBUG 8992 --- [cpt] [http-nio-8080-exec-9] m.m.a.RequestResponseBodyMethodProcessor : Using 'text/plain', given [*/*] and supported [text/plain, */*, application/json, application/*+json]
2024-09-19T14:06:08.226+02:00 DEBUG 8992 --- [cpt] [http-nio-8080-exec-9] m.m.a.RequestResponseBodyMethodProcessor : Writing ["[{"id":"66e7d8a7f2b3606e42ccc7ea","nodeId":"ari:cloud:trello::board/workspace/5fd22792274c302ff25569 (truncated)..."]
2024-09-19T14:06:08.226+02:00 DEBUG 8992 --- [cpt] [http-nio-8080-exec-9] o.s.web.servlet.DispatcherServlet        : Completed 200 OK
2024-09-19T14:09:48.792+02:00 DEBUG 8992 --- [cpt] [http-nio-8080-exec-1] o.s.web.servlet.DispatcherServlet        : GET "/trello/boards?field=id,name,url", parameters={masked}
2024-09-19T14:09:48.793+02:00 DEBUG 8992 --- [cpt] [http-nio-8080-exec-1] s.w.s.m.m.a.RequestMappingHandlerMapping : Mapped to TrelloController#getBoards()
2024-09-19T14:09:48.794+02:00 DEBUG 8992 --- [cpt] [http-nio-8080-exec-1] o.s.web.client.RestTemplate              : HTTP GET https://api.trello.com/1/members/me/boards?key=16adcba3e4f025a47f0db82116772a7b&token=ATTA20a016cb746108b3c4e6bbc0bd5cd88d7f8b7ca58ea59655782df8fbda689a438E397AFB
2024-09-19T14:09:48.794+02:00 DEBUG 8992 --- [cpt] [http-nio-8080-exec-1] o.s.web.client.RestTemplate              : Accept=[text/plain, application/json, application/*+json, */*]
2024-09-19T14:09:49.173+02:00 DEBUG 8992 --- [cpt] [http-nio-8080-exec-1] o.s.web.client.RestTemplate              : Response 200 OK
2024-09-19T14:09:49.174+02:00 DEBUG 8992 --- [cpt] [http-nio-8080-exec-1] o.s.web.client.RestTemplate              : Reading to [java.lang.String] as "application/json;charset=utf-8"
2024-09-19T14:09:49.175+02:00 DEBUG 8992 --- [cpt] [http-nio-8080-exec-1] m.m.a.RequestResponseBodyMethodProcessor : Using 'text/plain', given [*/*] and supported [text/plain, */*, application/json, application/*+json]
2024-09-19T14:09:49.175+02:00 DEBUG 8992 --- [cpt] [http-nio-8080-exec-1] m.m.a.RequestResponseBodyMethodProcessor : Writing ["[{"id":"66e7d8a7f2b3606e42ccc7ea","nodeId":"ari:cloud:trello::board/workspace/5fd22792274c302ff25569 (truncated)..."]
2024-09-19T14:09:49.176+02:00 DEBUG 8992 --- [cpt] [http-nio-8080-exec-1] o.s.web.servlet.DispatcherServlet        : Completed 200 OK
2024-09-19T14:10:21.378+02:00 DEBUG 8992 --- [cpt] [http-nio-8080-exec-3] o.s.web.servlet.DispatcherServlet        : GET "/trello/boards?field=name", parameters={masked}
2024-09-19T14:10:21.379+02:00 DEBUG 8992 --- [cpt] [http-nio-8080-exec-3] s.w.s.m.m.a.RequestMappingHandlerMapping : Mapped to TrelloController#getBoards()
2024-09-19T14:10:21.380+02:00 DEBUG 8992 --- [cpt] [http-nio-8080-exec-3] o.s.web.client.RestTemplate              : HTTP GET https://api.trello.com/1/members/me/boards?key=16adcba3e4f025a47f0db82116772a7b&token=ATTA20a016cb746108b3c4e6bbc0bd5cd88d7f8b7ca58ea59655782df8fbda689a438E397AFB
2024-09-19T14:10:21.380+02:00 DEBUG 8992 --- [cpt] [http-nio-8080-exec-3] o.s.web.client.RestTemplate              : Accept=[text/plain, application/json, application/*+json, */*]
2024-09-19T14:10:21.646+02:00 DEBUG 8992 --- [cpt] [http-nio-8080-exec-3] o.s.web.client.RestTemplate              : Response 200 OK
2024-09-19T14:10:21.647+02:00 DEBUG 8992 --- [cpt] [http-nio-8080-exec-3] o.s.web.client.RestTemplate              : Reading to [java.lang.String] as "application/json;charset=utf-8"
2024-09-19T14:10:21.648+02:00 DEBUG 8992 --- [cpt] [http-nio-8080-exec-3] m.m.a.RequestResponseBodyMethodProcessor : Using 'text/plain', given [*/*] and supported [text/plain, */*, application/json, application/*+json]
2024-09-19T14:10:21.648+02:00 DEBUG 8992 --- [cpt] [http-nio-8080-exec-3] m.m.a.RequestResponseBodyMethodProcessor : Writing ["[{"id":"66e7d8a7f2b3606e42ccc7ea","nodeId":"ari:cloud:trello::board/workspace/5fd22792274c302ff25569 (truncated)..."]
2024-09-19T14:10:21.649+02:00 DEBUG 8992 --- [cpt] [http-nio-8080-exec-3] o.s.web.servlet.DispatcherServlet        : Completed 200 OK
2024-09-19T14:10:33.492+02:00 DEBUG 8992 --- [cpt] [http-nio-8080-exec-4] o.s.web.servlet.DispatcherServlet        : GET "/trello/boards?filter=id,name,url", parameters={masked}
2024-09-19T14:10:33.493+02:00 DEBUG 8992 --- [cpt] [http-nio-8080-exec-4] s.w.s.m.m.a.RequestMappingHandlerMapping : Mapped to TrelloController#getBoards()
2024-09-19T14:10:33.494+02:00 DEBUG 8992 --- [cpt] [http-nio-8080-exec-4] o.s.web.client.RestTemplate              : HTTP GET https://api.trello.com/1/members/me/boards?key=16adcba3e4f025a47f0db82116772a7b&token=ATTA20a016cb746108b3c4e6bbc0bd5cd88d7f8b7ca58ea59655782df8fbda689a438E397AFB
2024-09-19T14:10:33.494+02:00 DEBUG 8992 --- [cpt] [http-nio-8080-exec-4] o.s.web.client.RestTemplate              : Accept=[text/plain, application/json, application/*+json, */*]
2024-09-19T14:10:33.805+02:00 DEBUG 8992 --- [cpt] [http-nio-8080-exec-4] o.s.web.client.RestTemplate              : Response 200 OK
2024-09-19T14:10:33.806+02:00 DEBUG 8992 --- [cpt] [http-nio-8080-exec-4] o.s.web.client.RestTemplate              : Reading to [java.lang.String] as "application/json;charset=utf-8"
2024-09-19T14:10:33.807+02:00 DEBUG 8992 --- [cpt] [http-nio-8080-exec-4] m.m.a.RequestResponseBodyMethodProcessor : Using 'text/plain', given [*/*] and supported [text/plain, */*, application/json, application/*+json]
2024-09-19T14:10:33.807+02:00 DEBUG 8992 --- [cpt] [http-nio-8080-exec-4] m.m.a.RequestResponseBodyMethodProcessor : Writing ["[{"id":"66e7d8a7f2b3606e42ccc7ea","nodeId":"ari:cloud:trello::board/workspace/5fd22792274c302ff25569 (truncated)..."]
2024-09-19T14:10:33.808+02:00 DEBUG 8992 --- [cpt] [http-nio-8080-exec-4] o.s.web.servlet.DispatcherServlet        : Completed 200 OK
2024-09-19T14:10:41.820+02:00 DEBUG 8992 --- [cpt] [http-nio-8080-exec-5] o.s.web.servlet.DispatcherServlet        : GET "/trello/boards", parameters={}
2024-09-19T14:10:41.820+02:00 DEBUG 8992 --- [cpt] [http-nio-8080-exec-5] s.w.s.m.m.a.RequestMappingHandlerMapping : Mapped to TrelloController#getBoards()
2024-09-19T14:10:41.821+02:00 DEBUG 8992 --- [cpt] [http-nio-8080-exec-5] o.s.web.client.RestTemplate              : HTTP GET https://api.trello.com/1/members/me/boards?key=16adcba3e4f025a47f0db82116772a7b&token=ATTA20a016cb746108b3c4e6bbc0bd5cd88d7f8b7ca58ea59655782df8fbda689a438E397AFB
2024-09-19T14:10:41.822+02:00 DEBUG 8992 --- [cpt] [http-nio-8080-exec-5] o.s.web.client.RestTemplate              : Accept=[text/plain, application/json, application/*+json, */*]
2024-09-19T14:10:42.106+02:00 DEBUG 8992 --- [cpt] [http-nio-8080-exec-5] o.s.web.client.RestTemplate              : Response 200 OK
2024-09-19T14:10:42.106+02:00 DEBUG 8992 --- [cpt] [http-nio-8080-exec-5] o.s.web.client.RestTemplate              : Reading to [java.lang.String] as "application/json;charset=utf-8"
2024-09-19T14:10:42.107+02:00 DEBUG 8992 --- [cpt] [http-nio-8080-exec-5] m.m.a.RequestResponseBodyMethodProcessor : Using 'text/plain', given [*/*] and supported [text/plain, */*, application/json, application/*+json]
2024-09-19T14:10:42.107+02:00 DEBUG 8992 --- [cpt] [http-nio-8080-exec-5] m.m.a.RequestResponseBodyMethodProcessor : Writing ["[{"id":"66e7d8a7f2b3606e42ccc7ea","nodeId":"ari:cloud:trello::board/workspace/5fd22792274c302ff25569 (truncated)..."]
2024-09-19T14:10:42.108+02:00 DEBUG 8992 --- [cpt] [http-nio-8080-exec-5] o.s.web.servlet.DispatcherServlet        : Completed 200 OK
2024-09-19T14:13:08.662+02:00 DEBUG 8992 --- [cpt] [http-nio-8080-exec-8] o.s.web.servlet.DispatcherServlet        : GET "/trello/boards/cards", parameters={}
2024-09-19T14:13:08.663+02:00 DEBUG 8992 --- [cpt] [http-nio-8080-exec-8] s.w.s.m.m.a.RequestMappingHandlerMapping : Mapped to TrelloController#getAllCardsOfBoard()
2024-09-19T14:13:08.664+02:00 DEBUG 8992 --- [cpt] [http-nio-8080-exec-8] o.s.web.client.RestTemplate              : HTTP GET https://api.trello.com/1/boards/66e7d8a7f2b3606e42ccc7ea/cards?key=16adcba3e4f025a47f0db82116772a7b&token=ATTA20a016cb746108b3c4e6bbc0bd5cd88d7f8b7ca58ea59655782df8fbda689a438E397AFB
2024-09-19T14:13:08.665+02:00 DEBUG 8992 --- [cpt] [http-nio-8080-exec-8] o.s.web.client.RestTemplate              : Accept=[text/plain, application/json, application/*+json, */*]
2024-09-19T14:13:08.963+02:00 DEBUG 8992 --- [cpt] [http-nio-8080-exec-8] o.s.web.client.RestTemplate              : Response 200 OK
2024-09-19T14:13:08.963+02:00 DEBUG 8992 --- [cpt] [http-nio-8080-exec-8] o.s.web.client.RestTemplate              : Reading to [java.lang.String] as "application/json;charset=utf-8"
2024-09-19T14:13:08.965+02:00 DEBUG 8992 --- [cpt] [http-nio-8080-exec-8] m.m.a.RequestResponseBodyMethodProcessor : Using 'text/plain', given [*/*] and supported [text/plain, */*, application/json, application/*+json]
2024-09-19T14:13:08.965+02:00 DEBUG 8992 --- [cpt] [http-nio-8080-exec-8] m.m.a.RequestResponseBodyMethodProcessor : Writing ["[{"id":"66e7d8d8ae0129335f478850","badges":{"attachmentsByType":{"trello":{"board":0,"card":0}},"ext (truncated)..."]
2024-09-19T14:13:08.966+02:00 DEBUG 8992 --- [cpt] [http-nio-8080-exec-8] o.s.web.servlet.DispatcherServlet        : Completed 200 OK
